Analysis & Synthesis report for aula16
Thu Nov 17 18:24:10 2022
Quartus Prime Version 20.1.0 Build 711 06/05/2020 SJ Lite Edition


---------------------
; Table of Contents ;
---------------------
  1. Legal Notice
  2. Analysis & Synthesis Summary
  3. Analysis & Synthesis Settings
  4. Parallel Compilation
  5. Analysis & Synthesis Source Files Read
  6. Analysis & Synthesis Resource Usage Summary
  7. Analysis & Synthesis Resource Utilization by Entity
  8. General Register Statistics
  9. Multiplexer Restructuring Statistics (Restructuring Performed)
 10. Parameter Settings for User Entity Instance: Top-level Entity: |aula16
 11. Port Connectivity Checks: "ULALastBit:ULA31"
 12. Port Connectivity Checks: "ULA1Bit:ULA30"
 13. Port Connectivity Checks: "ULA1Bit:ULA29"
 14. Port Connectivity Checks: "ULA1Bit:ULA28"
 15. Port Connectivity Checks: "ULA1Bit:ULA27"
 16. Port Connectivity Checks: "ULA1Bit:ULA26"
 17. Port Connectivity Checks: "ULA1Bit:ULA25"
 18. Port Connectivity Checks: "ULA1Bit:ULA24"
 19. Port Connectivity Checks: "ULA1Bit:ULA23"
 20. Port Connectivity Checks: "ULA1Bit:ULA22"
 21. Port Connectivity Checks: "ULA1Bit:ULA21"
 22. Port Connectivity Checks: "ULA1Bit:ULA20"
 23. Port Connectivity Checks: "ULA1Bit:ULA19"
 24. Port Connectivity Checks: "ULA1Bit:ULA18"
 25. Port Connectivity Checks: "ULA1Bit:ULA17"
 26. Port Connectivity Checks: "ULA1Bit:ULA16"
 27. Port Connectivity Checks: "ULA1Bit:ULA15"
 28. Port Connectivity Checks: "ULA1Bit:ULA14"
 29. Port Connectivity Checks: "ULA1Bit:ULA13"
 30. Port Connectivity Checks: "ULA1Bit:ULA12"
 31. Port Connectivity Checks: "ULA1Bit:ULA11"
 32. Port Connectivity Checks: "ULA1Bit:ULA10"
 33. Port Connectivity Checks: "ULA1Bit:ULA9"
 34. Port Connectivity Checks: "ULA1Bit:ULA8"
 35. Port Connectivity Checks: "ULA1Bit:ULA7"
 36. Port Connectivity Checks: "ULA1Bit:ULA6"
 37. Port Connectivity Checks: "ULA1Bit:ULA5"
 38. Port Connectivity Checks: "ULA1Bit:ULA4"
 39. Port Connectivity Checks: "ULA1Bit:ULA3"
 40. Port Connectivity Checks: "ULA1Bit:ULA2"
 41. Port Connectivity Checks: "ULA1Bit:ULA1"
 42. Post-Synthesis Netlist Statistics for Top Partition
 43. Elapsed Time Per Partition
 44. Analysis & Synthesis Messages



----------------
; Legal Notice ;
----------------
Copyright (C) 2020  Intel Corporation. All rights reserved.
Your use of Intel Corporation's design tools, logic functions 
and other software and tools, and any partner logic 
functions, and any output files from any of the foregoing 
(including device programming or simulation files), and any 
associated documentation or information are expressly subject 
to the terms and conditions of the Intel Program License 
Subscription Agreement, the Intel Quartus Prime License Agreement,
the Intel FPGA IP License Agreement, or other applicable license
agreement, including, without limitation, that your use is for
the sole purpose of programming logic devices manufactured by
Intel and sold by Intel or its authorized distributors.  Please
refer to the applicable agreement for further details, at
https://fpgasoftware.intel.com/eula.



+-------------------------------------------------------------------------------+
; Analysis & Synthesis Summary                                                  ;
+---------------------------------+---------------------------------------------+
; Analysis & Synthesis Status     ; Successful - Thu Nov 17 18:24:10 2022       ;
; Quartus Prime Version           ; 20.1.0 Build 711 06/05/2020 SJ Lite Edition ;
; Revision Name                   ; aula16                                      ;
; Top-level Entity Name           ; aula16                                      ;
; Family                          ; Cyclone V                                   ;
; Logic utilization (in ALMs)     ; N/A                                         ;
; Total registers                 ; 0                                           ;
; Total pins                      ; 101                                         ;
; Total virtual pins              ; 0                                           ;
; Total block memory bits         ; 0                                           ;
; Total DSP Blocks                ; 0                                           ;
; Total HSSI RX PCSs              ; 0                                           ;
; Total HSSI PMA RX Deserializers ; 0                                           ;
; Total HSSI TX PCSs              ; 0                                           ;
; Total HSSI PMA TX Serializers   ; 0                                           ;
; Total PLLs                      ; 0                                           ;
; Total DLLs                      ; 0                                           ;
+---------------------------------+---------------------------------------------+


+---------------------------------------------------------------------------------------------------------------------------+
; Analysis & Synthesis Settings                                                                                             ;
+---------------------------------------------------------------------------------+--------------------+--------------------+
; Option                                                                          ; Setting            ; Default Value      ;
+---------------------------------------------------------------------------------+--------------------+--------------------+
; Device                                                                          ; 5CEBA4F23C7        ;                    ;
; Top-level entity name                                                           ; aula16             ; aula16             ;
; Family name                                                                     ; Cyclone V          ; Cyclone V          ;
; VHDL Show LMF Mapping Messages                                                  ; Off                ;                    ;
; VHDL Version                                                                    ; VHDL_2008          ; VHDL_1993          ;
; Use smart compilation                                                           ; Off                ; Off                ;
; Enable parallel Assembler and Timing Analyzer during compilation                ; On                 ; On                 ;
; Enable compact report table                                                     ; Off                ; Off                ;
; Restructure Multiplexers                                                        ; Auto               ; Auto               ;
; MLAB Add Timing Constraints For Mixed-Port Feed-Through Mode Setting Don't Care ; Off                ; Off                ;
; Create Debugging Nodes for IP Cores                                             ; Off                ; Off                ;
; Preserve fewer node names                                                       ; On                 ; On                 ;
; Intel FPGA IP Evaluation Mode                                                   ; Enable             ; Enable             ;
; Verilog Version                                                                 ; Verilog_2001       ; Verilog_2001       ;
; State Machine Processing                                                        ; Auto               ; Auto               ;
; Safe State Machine                                                              ; Off                ; Off                ;
; Extract Verilog State Machines                                                  ; On                 ; On                 ;
; Extract VHDL State Machines                                                     ; On                 ; On                 ;
; Ignore Verilog initial constructs                                               ; Off                ; Off                ;
; Iteration limit for constant Verilog loops                                      ; 5000               ; 5000               ;
; Iteration limit for non-constant Verilog loops                                  ; 250                ; 250                ;
; Add Pass-Through Logic to Inferred RAMs                                         ; On                 ; On                 ;
; Infer RAMs from Raw Logic                                                       ; On                 ; On                 ;
; Parallel Synthesis                                                              ; On                 ; On                 ;
; DSP Block Balancing                                                             ; Auto               ; Auto               ;
; NOT Gate Push-Back                                                              ; On                 ; On                 ;
; Power-Up Don't Care                                                             ; On                 ; On                 ;
; Remove Redundant Logic Cells                                                    ; Off                ; Off                ;
; Remove Duplicate Registers                                                      ; On                 ; On                 ;
; Ignore CARRY Buffers                                                            ; Off                ; Off                ;
; Ignore CASCADE Buffers                                                          ; Off                ; Off                ;
; Ignore GLOBAL Buffers                                                           ; Off                ; Off                ;
; Ignore ROW GLOBAL Buffers                                                       ; Off                ; Off                ;
; Ignore LCELL Buffers                                                            ; Off                ; Off                ;
; Ignore SOFT Buffers                                                             ; On                 ; On                 ;
; Limit AHDL Integers to 32 Bits                                                  ; Off                ; Off                ;
; Optimization Technique                                                          ; Balanced           ; Balanced           ;
; Carry Chain Length                                                              ; 70                 ; 70                 ;
; Auto Carry Chains                                                               ; On                 ; On                 ;
; Auto Open-Drain Pins                                                            ; On                 ; On                 ;
; Perform WYSIWYG Primitive Resynthesis                                           ; Off                ; Off                ;
; Auto ROM Replacement                                                            ; On                 ; On                 ;
; Auto RAM Replacement                                                            ; On                 ; On                 ;
; Auto DSP Block Replacement                                                      ; On                 ; On                 ;
; Auto Shift Register Replacement                                                 ; Auto               ; Auto               ;
; Allow Shift Register Merging across Hierarchies                                 ; Auto               ; Auto               ;
; Auto Clock Enable Replacement                                                   ; On                 ; On                 ;
; Strict RAM Replacement                                                          ; Off                ; Off                ;
; Allow Synchronous Control Signals                                               ; On                 ; On                 ;
; Force Use of Synchronous Clear Signals                                          ; Off                ; Off                ;
; Auto Resource Sharing                                                           ; Off                ; Off                ;
; Allow Any RAM Size For Recognition                                              ; Off                ; Off                ;
; Allow Any ROM Size For Recognition                                              ; Off                ; Off                ;
; Allow Any Shift Register Size For Recognition                                   ; Off                ; Off                ;
; Use LogicLock Constraints during Resource Balancing                             ; On                 ; On                 ;
; Ignore translate_off and synthesis_off directives                               ; Off                ; Off                ;
; Timing-Driven Synthesis                                                         ; On                 ; On                 ;
; Report Parameter Settings                                                       ; On                 ; On                 ;
; Report Source Assignments                                                       ; On                 ; On                 ;
; Report Connectivity Checks                                                      ; On                 ; On                 ;
; Ignore Maximum Fan-Out Assignments                                              ; Off                ; Off                ;
; Synchronization Register Chain Length                                           ; 3                  ; 3                  ;
; Power Optimization During Synthesis                                             ; Normal compilation ; Normal compilation ;
; HDL message level                                                               ; Level2             ; Level2             ;
; Suppress Register Optimization Related Messages                                 ; Off                ; Off                ;
; Number of Removed Registers Reported in Synthesis Report                        ; 5000               ; 5000               ;
; Number of Swept Nodes Reported in Synthesis Report                              ; 5000               ; 5000               ;
; Number of Inverted Registers Reported in Synthesis Report                       ; 100                ; 100                ;
; Clock MUX Protection                                                            ; On                 ; On                 ;
; Auto Gated Clock Conversion                                                     ; Off                ; Off                ;
; Block Design Naming                                                             ; Auto               ; Auto               ;
; SDC constraint protection                                                       ; Off                ; Off                ;
; Synthesis Effort                                                                ; Auto               ; Auto               ;
; Shift Register Replacement - Allow Asynchronous Clear Signal                    ; On                 ; On                 ;
; Pre-Mapping Resynthesis Optimization                                            ; Off                ; Off                ;
; Analysis & Synthesis Message Level                                              ; Medium             ; Medium             ;
; Disable Register Merging Across Hierarchies                                     ; Auto               ; Auto               ;
; Resource Aware Inference For Block RAM                                          ; On                 ; On                 ;
; Automatic Parallel Synthesis                                                    ; On                 ; On                 ;
; Partial Reconfiguration Bitstream ID                                            ; Off                ; Off                ;
+---------------------------------------------------------------------------------+--------------------+--------------------+


+------------------------------------------+
; Parallel Compilation                     ;
+----------------------------+-------------+
; Processors                 ; Number      ;
+----------------------------+-------------+
; Number detected on machine ; 2           ;
; Maximum allowed            ; 2           ;
;                            ;             ;
; Average used               ; 1.00        ;
; Maximum used               ; 1           ;
;                            ;             ;
; Usage by Processor         ; % Time Used ;
;     Processor 1            ; 100.0%      ;
+----------------------------+-------------+


+-------------------------------------------------------------------------------------------------------------------------------------------+
; Analysis & Synthesis Source Files Read                                                                                                    ;
+----------------------------------+-----------------+-----------------+----------------------------------------------------------+---------+
; File Name with User-Entered Path ; Used in Netlist ; File Type       ; File Name with Absolute Path                             ; Library ;
+----------------------------------+-----------------+-----------------+----------------------------------------------------------+---------+
; ULA1Bit.vhd                      ; yes             ; User VHDL File  ; /home/joao/descomp_oficial/DesComp/Aula16/ULA1Bit.vhd    ;         ;
; mux4x1.vhd                       ; yes             ; User VHDL File  ; /home/joao/descomp_oficial/DesComp/Aula16/mux4x1.vhd     ;         ;
; aula16.vhd                       ; yes             ; User VHDL File  ; /home/joao/descomp_oficial/DesComp/Aula16/aula16.vhd     ;         ;
; fullAdder.vhd                    ; yes             ; User VHDL File  ; /home/joao/descomp_oficial/DesComp/Aula16/fullAdder.vhd  ;         ;
; mux2x1.vhd                       ; yes             ; User VHDL File  ; /home/joao/descomp_oficial/DesComp/Aula16/mux2x1.vhd     ;         ;
; ULALastBit.vhd                   ; yes             ; User VHDL File  ; /home/joao/descomp_oficial/DesComp/Aula16/ULALastBit.vhd ;         ;
+----------------------------------+-----------------+-----------------+----------------------------------------------------------+---------+


+---------------------------------------------------------------+
; Analysis & Synthesis Resource Usage Summary                   ;
+---------------------------------------------+-----------------+
; Resource                                    ; Usage           ;
+---------------------------------------------+-----------------+
; Estimate of Logic utilization (ALMs needed) ; 74              ;
;                                             ;                 ;
; Combinational ALUT usage for logic          ; 119             ;
;     -- 7 input functions                    ; 0               ;
;     -- 6 input functions                    ; 29              ;
;     -- 5 input functions                    ; 27              ;
;     -- 4 input functions                    ; 16              ;
;     -- <=3 input functions                  ; 47              ;
;                                             ;                 ;
; Dedicated logic registers                   ; 0               ;
;                                             ;                 ;
; I/O pins                                    ; 101             ;
;                                             ;                 ;
; Total DSP Blocks                            ; 0               ;
;                                             ;                 ;
; Maximum fan-out node                        ; inverte_B~input ;
; Maximum fan-out                             ; 40              ;
; Total fan-out                               ; 610             ;
; Average fan-out                             ; 1.90            ;
+---------------------------------------------+-----------------+


+------------------------------------------------------------------------------------------------------------------------------------------------------------------------------------------------------------------+
; Analysis & Synthesis Resource Utilization by Entity                                                                                                                                                              ;
+-----------------------------+---------------------+---------------------------+-------------------+------------+------+--------------+----------------------------------------------+-------------+--------------+
; Compilation Hierarchy Node  ; Combinational ALUTs ; Dedicated Logic Registers ; Block Memory Bits ; DSP Blocks ; Pins ; Virtual Pins ; Full Hierarchy Name                          ; Entity Name ; Library Name ;
+-----------------------------+---------------------+---------------------------+-------------------+------------+------+--------------+----------------------------------------------+-------------+--------------+
; |aula16                     ; 119 (9)             ; 0 (0)                     ; 0                 ; 0          ; 101  ; 0            ; |aula16                                      ; aula16      ; work         ;
;    |ULA1Bit:ULA0|           ; 2 (0)               ; 0 (0)                     ; 0                 ; 0          ; 0    ; 0            ; |aula16|ULA1Bit:ULA0                         ; ULA1Bit     ; work         ;
;       |fullAdder:somador|   ; 1 (1)               ; 0 (0)                     ; 0                 ; 0          ; 0    ; 0            ; |aula16|ULA1Bit:ULA0|fullAdder:somador       ; fullAdder   ; work         ;
;       |mux4x1:mux_seletor|  ; 1 (1)               ; 0 (0)                     ; 0                 ; 0          ; 0    ; 0            ; |aula16|ULA1Bit:ULA0|mux4x1:mux_seletor      ; mux4x1      ; work         ;
;    |ULA1Bit:ULA10|          ; 3 (0)               ; 0 (0)                     ; 0                 ; 0          ; 0    ; 0            ; |aula16|ULA1Bit:ULA10                        ; ULA1Bit     ; work         ;
;       |fullAdder:somador|   ; 1 (1)               ; 0 (0)                     ; 0                 ; 0          ; 0    ; 0            ; |aula16|ULA1Bit:ULA10|fullAdder:somador      ; fullAdder   ; work         ;
;       |mux2x1:mux_inversor| ; 1 (1)               ; 0 (0)                     ; 0                 ; 0          ; 0    ; 0            ; |aula16|ULA1Bit:ULA10|mux2x1:mux_inversor    ; mux2x1      ; work         ;
;       |mux4x1:mux_seletor|  ; 1 (1)               ; 0 (0)                     ; 0                 ; 0          ; 0    ; 0            ; |aula16|ULA1Bit:ULA10|mux4x1:mux_seletor     ; mux4x1      ; work         ;
;    |ULA1Bit:ULA11|          ; 3 (0)               ; 0 (0)                     ; 0                 ; 0          ; 0    ; 0            ; |aula16|ULA1Bit:ULA11                        ; ULA1Bit     ; work         ;
;       |fullAdder:somador|   ; 1 (1)               ; 0 (0)                     ; 0                 ; 0          ; 0    ; 0            ; |aula16|ULA1Bit:ULA11|fullAdder:somador      ; fullAdder   ; work         ;
;       |mux2x1:mux_inversor| ; 1 (1)               ; 0 (0)                     ; 0                 ; 0          ; 0    ; 0            ; |aula16|ULA1Bit:ULA11|mux2x1:mux_inversor    ; mux2x1      ; work         ;
;       |mux4x1:mux_seletor|  ; 1 (1)               ; 0 (0)                     ; 0                 ; 0          ; 0    ; 0            ; |aula16|ULA1Bit:ULA11|mux4x1:mux_seletor     ; mux4x1      ; work         ;
;    |ULA1Bit:ULA12|          ; 2 (0)               ; 0 (0)                     ; 0                 ; 0          ; 0    ; 0            ; |aula16|ULA1Bit:ULA12                        ; ULA1Bit     ; work         ;
;       |mux2x1:mux_inversor| ; 1 (1)               ; 0 (0)                     ; 0                 ; 0          ; 0    ; 0            ; |aula16|ULA1Bit:ULA12|mux2x1:mux_inversor    ; mux2x1      ; work         ;
;       |mux4x1:mux_seletor|  ; 1 (1)               ; 0 (0)                     ; 0                 ; 0          ; 0    ; 0            ; |aula16|ULA1Bit:ULA12|mux4x1:mux_seletor     ; mux4x1      ; work         ;
;    |ULA1Bit:ULA13|          ; 5 (0)               ; 0 (0)                     ; 0                 ; 0          ; 0    ; 0            ; |aula16|ULA1Bit:ULA13                        ; ULA1Bit     ; work         ;
;       |fullAdder:somador|   ; 2 (2)               ; 0 (0)                     ; 0                 ; 0          ; 0    ; 0            ; |aula16|ULA1Bit:ULA13|fullAdder:somador      ; fullAdder   ; work         ;
;       |mux2x1:mux_inversor| ; 1 (1)               ; 0 (0)                     ; 0                 ; 0          ; 0    ; 0            ; |aula16|ULA1Bit:ULA13|mux2x1:mux_inversor    ; mux2x1      ; work         ;
;       |mux4x1:mux_seletor|  ; 2 (2)               ; 0 (0)                     ; 0                 ; 0          ; 0    ; 0            ; |aula16|ULA1Bit:ULA13|mux4x1:mux_seletor     ; mux4x1      ; work         ;
;    |ULA1Bit:ULA14|          ; 5 (0)               ; 0 (0)                     ; 0                 ; 0          ; 0    ; 0            ; |aula16|ULA1Bit:ULA14                        ; ULA1Bit     ; work         ;
;       |fullAdder:somador|   ; 3 (3)               ; 0 (0)                     ; 0                 ; 0          ; 0    ; 0            ; |aula16|ULA1Bit:ULA14|fullAdder:somador      ; fullAdder   ; work         ;
;       |mux2x1:mux_inversor| ; 1 (1)               ; 0 (0)                     ; 0                 ; 0          ; 0    ; 0            ; |aula16|ULA1Bit:ULA14|mux2x1:mux_inversor    ; mux2x1      ; work         ;
;       |mux4x1:mux_seletor|  ; 1 (1)               ; 0 (0)                     ; 0                 ; 0          ; 0    ; 0            ; |aula16|ULA1Bit:ULA14|mux4x1:mux_seletor     ; mux4x1      ; work         ;
;    |ULA1Bit:ULA15|          ; 3 (0)               ; 0 (0)                     ; 0                 ; 0          ; 0    ; 0            ; |aula16|ULA1Bit:ULA15                        ; ULA1Bit     ; work         ;
;       |fullAdder:somador|   ; 1 (1)               ; 0 (0)                     ; 0                 ; 0          ; 0    ; 0            ; |aula16|ULA1Bit:ULA15|fullAdder:somador      ; fullAdder   ; work         ;
;       |mux2x1:mux_inversor| ; 1 (1)               ; 0 (0)                     ; 0                 ; 0          ; 0    ; 0            ; |aula16|ULA1Bit:ULA15|mux2x1:mux_inversor    ; mux2x1      ; work         ;
;       |mux4x1:mux_seletor|  ; 1 (1)               ; 0 (0)                     ; 0                 ; 0          ; 0    ; 0            ; |aula16|ULA1Bit:ULA15|mux4x1:mux_seletor     ; mux4x1      ; work         ;
;    |ULA1Bit:ULA16|          ; 3 (0)               ; 0 (0)                     ; 0                 ; 0          ; 0    ; 0            ; |aula16|ULA1Bit:ULA16                        ; ULA1Bit     ; work         ;
;       |fullAdder:somador|   ; 1 (1)               ; 0 (0)                     ; 0                 ; 0          ; 0    ; 0            ; |aula16|ULA1Bit:ULA16|fullAdder:somador      ; fullAdder   ; work         ;
;       |mux2x1:mux_inversor| ; 1 (1)               ; 0 (0)                     ; 0                 ; 0          ; 0    ; 0            ; |aula16|ULA1Bit:ULA16|mux2x1:mux_inversor    ; mux2x1      ; work         ;
;       |mux4x1:mux_seletor|  ; 1 (1)               ; 0 (0)                     ; 0                 ; 0          ; 0    ; 0            ; |aula16|ULA1Bit:ULA16|mux4x1:mux_seletor     ; mux4x1      ; work         ;
;    |ULA1Bit:ULA17|          ; 2 (0)               ; 0 (0)                     ; 0                 ; 0          ; 0    ; 0            ; |aula16|ULA1Bit:ULA17                        ; ULA1Bit     ; work         ;
;       |mux2x1:mux_inversor| ; 1 (1)               ; 0 (0)                     ; 0                 ; 0          ; 0    ; 0            ; |aula16|ULA1Bit:ULA17|mux2x1:mux_inversor    ; mux2x1      ; work         ;
;       |mux4x1:mux_seletor|  ; 1 (1)               ; 0 (0)                     ; 0                 ; 0          ; 0    ; 0            ; |aula16|ULA1Bit:ULA17|mux4x1:mux_seletor     ; mux4x1      ; work         ;
;    |ULA1Bit:ULA18|          ; 5 (0)               ; 0 (0)                     ; 0                 ; 0          ; 0    ; 0            ; |aula16|ULA1Bit:ULA18                        ; ULA1Bit     ; work         ;
;       |fullAdder:somador|   ; 2 (2)               ; 0 (0)                     ; 0                 ; 0          ; 0    ; 0            ; |aula16|ULA1Bit:ULA18|fullAdder:somador      ; fullAdder   ; work         ;
;       |mux2x1:mux_inversor| ; 1 (1)               ; 0 (0)                     ; 0                 ; 0          ; 0    ; 0            ; |aula16|ULA1Bit:ULA18|mux2x1:mux_inversor    ; mux2x1      ; work         ;
;       |mux4x1:mux_seletor|  ; 2 (2)               ; 0 (0)                     ; 0                 ; 0          ; 0    ; 0            ; |aula16|ULA1Bit:ULA18|mux4x1:mux_seletor     ; mux4x1      ; work         ;
;    |ULA1Bit:ULA19|          ; 5 (0)               ; 0 (0)                     ; 0                 ; 0          ; 0    ; 0            ; |aula16|ULA1Bit:ULA19                        ; ULA1Bit     ; work         ;
;       |fullAdder:somador|   ; 3 (3)               ; 0 (0)                     ; 0                 ; 0          ; 0    ; 0            ; |aula16|ULA1Bit:ULA19|fullAdder:somador      ; fullAdder   ; work         ;
;       |mux2x1:mux_inversor| ; 1 (1)               ; 0 (0)                     ; 0                 ; 0          ; 0    ; 0            ; |aula16|ULA1Bit:ULA19|mux2x1:mux_inversor    ; mux2x1      ; work         ;
;       |mux4x1:mux_seletor|  ; 1 (1)               ; 0 (0)                     ; 0                 ; 0          ; 0    ; 0            ; |aula16|ULA1Bit:ULA19|mux4x1:mux_seletor     ; mux4x1      ; work         ;
;    |ULA1Bit:ULA1|           ; 2 (0)               ; 0 (0)                     ; 0                 ; 0          ; 0    ; 0            ; |aula16|ULA1Bit:ULA1                         ; ULA1Bit     ; work         ;
;       |fullAdder:somador|   ; 1 (1)               ; 0 (0)                     ; 0                 ; 0          ; 0    ; 0            ; |aula16|ULA1Bit:ULA1|fullAdder:somador       ; fullAdder   ; work         ;
;       |mux4x1:mux_seletor|  ; 1 (1)               ; 0 (0)                     ; 0                 ; 0          ; 0    ; 0            ; |aula16|ULA1Bit:ULA1|mux4x1:mux_seletor      ; mux4x1      ; work         ;
;    |ULA1Bit:ULA20|          ; 3 (0)               ; 0 (0)                     ; 0                 ; 0          ; 0    ; 0            ; |aula16|ULA1Bit:ULA20                        ; ULA1Bit     ; work         ;
;       |fullAdder:somador|   ; 1 (1)               ; 0 (0)                     ; 0                 ; 0          ; 0    ; 0            ; |aula16|ULA1Bit:ULA20|fullAdder:somador      ; fullAdder   ; work         ;
;       |mux2x1:mux_inversor| ; 1 (1)               ; 0 (0)                     ; 0                 ; 0          ; 0    ; 0            ; |aula16|ULA1Bit:ULA20|mux2x1:mux_inversor    ; mux2x1      ; work         ;
;       |mux4x1:mux_seletor|  ; 1 (1)               ; 0 (0)                     ; 0                 ; 0          ; 0    ; 0            ; |aula16|ULA1Bit:ULA20|mux4x1:mux_seletor     ; mux4x1      ; work         ;
;    |ULA1Bit:ULA21|          ; 3 (0)               ; 0 (0)                     ; 0                 ; 0          ; 0    ; 0            ; |aula16|ULA1Bit:ULA21                        ; ULA1Bit     ; work         ;
;       |fullAdder:somador|   ; 1 (1)               ; 0 (0)                     ; 0                 ; 0          ; 0    ; 0            ; |aula16|ULA1Bit:ULA21|fullAdder:somador      ; fullAdder   ; work         ;
;       |mux2x1:mux_inversor| ; 1 (1)               ; 0 (0)                     ; 0                 ; 0          ; 0    ; 0            ; |aula16|ULA1Bit:ULA21|mux2x1:mux_inversor    ; mux2x1      ; work         ;
;       |mux4x1:mux_seletor|  ; 1 (1)               ; 0 (0)                     ; 0                 ; 0          ; 0    ; 0            ; |aula16|ULA1Bit:ULA21|mux4x1:mux_seletor     ; mux4x1      ; work         ;
;    |ULA1Bit:ULA22|          ; 2 (0)               ; 0 (0)                     ; 0                 ; 0          ; 0    ; 0            ; |aula16|ULA1Bit:ULA22                        ; ULA1Bit     ; work         ;
;       |mux2x1:mux_inversor| ; 1 (1)               ; 0 (0)                     ; 0                 ; 0          ; 0    ; 0            ; |aula16|ULA1Bit:ULA22|mux2x1:mux_inversor    ; mux2x1      ; work         ;
;       |mux4x1:mux_seletor|  ; 1 (1)               ; 0 (0)                     ; 0                 ; 0          ; 0    ; 0            ; |aula16|ULA1Bit:ULA22|mux4x1:mux_seletor     ; mux4x1      ; work         ;
;    |ULA1Bit:ULA23|          ; 5 (0)               ; 0 (0)                     ; 0                 ; 0          ; 0    ; 0            ; |aula16|ULA1Bit:ULA23                        ; ULA1Bit     ; work         ;
;       |fullAdder:somador|   ; 2 (2)               ; 0 (0)                     ; 0                 ; 0          ; 0    ; 0            ; |aula16|ULA1Bit:ULA23|fullAdder:somador      ; fullAdder   ; work         ;
;       |mux2x1:mux_inversor| ; 1 (1)               ; 0 (0)                     ; 0                 ; 0          ; 0    ; 0            ; |aula16|ULA1Bit:ULA23|mux2x1:mux_inversor    ; mux2x1      ; work         ;
;       |mux4x1:mux_seletor|  ; 2 (2)               ; 0 (0)                     ; 0                 ; 0          ; 0    ; 0            ; |aula16|ULA1Bit:ULA23|mux4x1:mux_seletor     ; mux4x1      ; work         ;
;    |ULA1Bit:ULA24|          ; 5 (0)               ; 0 (0)                     ; 0                 ; 0          ; 0    ; 0            ; |aula16|ULA1Bit:ULA24                        ; ULA1Bit     ; work         ;
;       |fullAdder:somador|   ; 3 (3)               ; 0 (0)                     ; 0                 ; 0          ; 0    ; 0            ; |aula16|ULA1Bit:ULA24|fullAdder:somador      ; fullAdder   ; work         ;
;       |mux2x1:mux_inversor| ; 1 (1)               ; 0 (0)                     ; 0                 ; 0          ; 0    ; 0            ; |aula16|ULA1Bit:ULA24|mux2x1:mux_inversor    ; mux2x1      ; work         ;
;       |mux4x1:mux_seletor|  ; 1 (1)               ; 0 (0)                     ; 0                 ; 0          ; 0    ; 0            ; |aula16|ULA1Bit:ULA24|mux4x1:mux_seletor     ; mux4x1      ; work         ;
;    |ULA1Bit:ULA25|          ; 3 (0)               ; 0 (0)                     ; 0                 ; 0          ; 0    ; 0            ; |aula16|ULA1Bit:ULA25                        ; ULA1Bit     ; work         ;
;       |fullAdder:somador|   ; 1 (1)               ; 0 (0)                     ; 0                 ; 0          ; 0    ; 0            ; |aula16|ULA1Bit:ULA25|fullAdder:somador      ; fullAdder   ; work         ;
;       |mux2x1:mux_inversor| ; 1 (1)               ; 0 (0)                     ; 0                 ; 0          ; 0    ; 0            ; |aula16|ULA1Bit:ULA25|mux2x1:mux_inversor    ; mux2x1      ; work         ;
;       |mux4x1:mux_seletor|  ; 1 (1)               ; 0 (0)                     ; 0                 ; 0          ; 0    ; 0            ; |aula16|ULA1Bit:ULA25|mux4x1:mux_seletor     ; mux4x1      ; work         ;
;    |ULA1Bit:ULA26|          ; 3 (0)               ; 0 (0)                     ; 0                 ; 0          ; 0    ; 0            ; |aula16|ULA1Bit:ULA26                        ; ULA1Bit     ; work         ;
;       |fullAdder:somador|   ; 1 (1)               ; 0 (0)                     ; 0                 ; 0          ; 0    ; 0            ; |aula16|ULA1Bit:ULA26|fullAdder:somador      ; fullAdder   ; work         ;
;       |mux2x1:mux_inversor| ; 1 (1)               ; 0 (0)                     ; 0                 ; 0          ; 0    ; 0            ; |aula16|ULA1Bit:ULA26|mux2x1:mux_inversor    ; mux2x1      ; work         ;
;       |mux4x1:mux_seletor|  ; 1 (1)               ; 0 (0)                     ; 0                 ; 0          ; 0    ; 0            ; |aula16|ULA1Bit:ULA26|mux4x1:mux_seletor     ; mux4x1      ; work         ;
;    |ULA1Bit:ULA27|          ; 2 (0)               ; 0 (0)                     ; 0                 ; 0          ; 0    ; 0            ; |aula16|ULA1Bit:ULA27                        ; ULA1Bit     ; work         ;
;       |mux2x1:mux_inversor| ; 1 (1)               ; 0 (0)                     ; 0                 ; 0          ; 0    ; 0            ; |aula16|ULA1Bit:ULA27|mux2x1:mux_inversor    ; mux2x1      ; work         ;
;       |mux4x1:mux_seletor|  ; 1 (1)               ; 0 (0)                     ; 0                 ; 0          ; 0    ; 0            ; |aula16|ULA1Bit:ULA27|mux4x1:mux_seletor     ; mux4x1      ; work         ;
;    |ULA1Bit:ULA28|          ; 5 (0)               ; 0 (0)                     ; 0                 ; 0          ; 0    ; 0            ; |aula16|ULA1Bit:ULA28                        ; ULA1Bit     ; work         ;
;       |fullAdder:somador|   ; 2 (2)               ; 0 (0)                     ; 0                 ; 0          ; 0    ; 0            ; |aula16|ULA1Bit:ULA28|fullAdder:somador      ; fullAdder   ; work         ;
;       |mux2x1:mux_inversor| ; 1 (1)               ; 0 (0)                     ; 0                 ; 0          ; 0    ; 0            ; |aula16|ULA1Bit:ULA28|mux2x1:mux_inversor    ; mux2x1      ; work         ;
;       |mux4x1:mux_seletor|  ; 2 (2)               ; 0 (0)                     ; 0                 ; 0          ; 0    ; 0            ; |aula16|ULA1Bit:ULA28|mux4x1:mux_seletor     ; mux4x1      ; work         ;
;    |ULA1Bit:ULA29|          ; 4 (0)               ; 0 (0)                     ; 0                 ; 0          ; 0    ; 0            ; |aula16|ULA1Bit:ULA29                        ; ULA1Bit     ; work         ;
;       |fullAdder:somador|   ; 3 (3)               ; 0 (0)                     ; 0                 ; 0          ; 0    ; 0            ; |aula16|ULA1Bit:ULA29|fullAdder:somador      ; fullAdder   ; work         ;
;       |mux4x1:mux_seletor|  ; 1 (1)               ; 0 (0)                     ; 0                 ; 0          ; 0    ; 0            ; |aula16|ULA1Bit:ULA29|mux4x1:mux_seletor     ; mux4x1      ; work         ;
;    |ULA1Bit:ULA2|           ; 4 (0)               ; 0 (0)                     ; 0                 ; 0          ; 0    ; 0            ; |aula16|ULA1Bit:ULA2                         ; ULA1Bit     ; work         ;
;       |fullAdder:somador|   ; 1 (1)               ; 0 (0)                     ; 0                 ; 0          ; 0    ; 0            ; |aula16|ULA1Bit:ULA2|fullAdder:somador       ; fullAdder   ; work         ;
;       |mux2x1:mux_inversor| ; 1 (1)               ; 0 (0)                     ; 0                 ; 0          ; 0    ; 0            ; |aula16|ULA1Bit:ULA2|mux2x1:mux_inversor     ; mux2x1      ; work         ;
;       |mux4x1:mux_seletor|  ; 2 (2)               ; 0 (0)                     ; 0                 ; 0          ; 0    ; 0            ; |aula16|ULA1Bit:ULA2|mux4x1:mux_seletor      ; mux4x1      ; work         ;
;    |ULA1Bit:ULA30|          ; 3 (0)               ; 0 (0)                     ; 0                 ; 0          ; 0    ; 0            ; |aula16|ULA1Bit:ULA30                        ; ULA1Bit     ; work         ;
;       |fullAdder:somador|   ; 1 (1)               ; 0 (0)                     ; 0                 ; 0          ; 0    ; 0            ; |aula16|ULA1Bit:ULA30|fullAdder:somador      ; fullAdder   ; work         ;
;       |mux2x1:mux_inversor| ; 1 (1)               ; 0 (0)                     ; 0                 ; 0          ; 0    ; 0            ; |aula16|ULA1Bit:ULA30|mux2x1:mux_inversor    ; mux2x1      ; work         ;
;       |mux4x1:mux_seletor|  ; 1 (1)               ; 0 (0)                     ; 0                 ; 0          ; 0    ; 0            ; |aula16|ULA1Bit:ULA30|mux4x1:mux_seletor     ; mux4x1      ; work         ;
;    |ULA1Bit:ULA3|           ; 3 (0)               ; 0 (0)                     ; 0                 ; 0          ; 0    ; 0            ; |aula16|ULA1Bit:ULA3                         ; ULA1Bit     ; work         ;
;       |fullAdder:somador|   ; 1 (1)               ; 0 (0)                     ; 0                 ; 0          ; 0    ; 0            ; |aula16|ULA1Bit:ULA3|fullAdder:somador       ; fullAdder   ; work         ;
;       |mux2x1:mux_inversor| ; 1 (1)               ; 0 (0)                     ; 0                 ; 0          ; 0    ; 0            ; |aula16|ULA1Bit:ULA3|mux2x1:mux_inversor     ; mux2x1      ; work         ;
;       |mux4x1:mux_seletor|  ; 1 (1)               ; 0 (0)                     ; 0                 ; 0          ; 0    ; 0            ; |aula16|ULA1Bit:ULA3|mux4x1:mux_seletor      ; mux4x1      ; work         ;
;    |ULA1Bit:ULA4|           ; 4 (0)               ; 0 (0)                     ; 0                 ; 0          ; 0    ; 0            ; |aula16|ULA1Bit:ULA4                         ; ULA1Bit     ; work         ;
;       |fullAdder:somador|   ; 3 (3)               ; 0 (0)                     ; 0                 ; 0          ; 0    ; 0            ; |aula16|ULA1Bit:ULA4|fullAdder:somador       ; fullAdder   ; work         ;
;       |mux4x1:mux_seletor|  ; 1 (1)               ; 0 (0)                     ; 0                 ; 0          ; 0    ; 0            ; |aula16|ULA1Bit:ULA4|mux4x1:mux_seletor      ; mux4x1      ; work         ;
;    |ULA1Bit:ULA5|           ; 3 (0)               ; 0 (0)                     ; 0                 ; 0          ; 0    ; 0            ; |aula16|ULA1Bit:ULA5                         ; ULA1Bit     ; work         ;
;       |fullAdder:somador|   ; 1 (1)               ; 0 (0)                     ; 0                 ; 0          ; 0    ; 0            ; |aula16|ULA1Bit:ULA5|fullAdder:somador       ; fullAdder   ; work         ;
;       |mux2x1:mux_inversor| ; 1 (1)               ; 0 (0)                     ; 0                 ; 0          ; 0    ; 0            ; |aula16|ULA1Bit:ULA5|mux2x1:mux_inversor     ; mux2x1      ; work         ;
;       |mux4x1:mux_seletor|  ; 1 (1)               ; 0 (0)                     ; 0                 ; 0          ; 0    ; 0            ; |aula16|ULA1Bit:ULA5|mux4x1:mux_seletor      ; mux4x1      ; work         ;
;    |ULA1Bit:ULA6|           ; 3 (0)               ; 0 (0)                     ; 0                 ; 0          ; 0    ; 0            ; |aula16|ULA1Bit:ULA6                         ; ULA1Bit     ; work         ;
;       |fullAdder:somador|   ; 1 (1)               ; 0 (0)                     ; 0                 ; 0          ; 0    ; 0            ; |aula16|ULA1Bit:ULA6|fullAdder:somador       ; fullAdder   ; work         ;
;       |mux2x1:mux_inversor| ; 1 (1)               ; 0 (0)                     ; 0                 ; 0          ; 0    ; 0            ; |aula16|ULA1Bit:ULA6|mux2x1:mux_inversor     ; mux2x1      ; work         ;
;       |mux4x1:mux_seletor|  ; 1 (1)               ; 0 (0)                     ; 0                 ; 0          ; 0    ; 0            ; |aula16|ULA1Bit:ULA6|mux4x1:mux_seletor      ; mux4x1      ; work         ;
;    |ULA1Bit:ULA7|           ; 2 (0)               ; 0 (0)                     ; 0                 ; 0          ; 0    ; 0            ; |aula16|ULA1Bit:ULA7                         ; ULA1Bit     ; work         ;
;       |mux2x1:mux_inversor| ; 1 (1)               ; 0 (0)                     ; 0                 ; 0          ; 0    ; 0            ; |aula16|ULA1Bit:ULA7|mux2x1:mux_inversor     ; mux2x1      ; work         ;
;       |mux4x1:mux_seletor|  ; 1 (1)               ; 0 (0)                     ; 0                 ; 0          ; 0    ; 0            ; |aula16|ULA1Bit:ULA7|mux4x1:mux_seletor      ; mux4x1      ; work         ;
;    |ULA1Bit:ULA8|           ; 5 (0)               ; 0 (0)                     ; 0                 ; 0          ; 0    ; 0            ; |aula16|ULA1Bit:ULA8                         ; ULA1Bit     ; work         ;
;       |fullAdder:somador|   ; 2 (2)               ; 0 (0)                     ; 0                 ; 0          ; 0    ; 0            ; |aula16|ULA1Bit:ULA8|fullAdder:somador       ; fullAdder   ; work         ;
;       |mux2x1:mux_inversor| ; 1 (1)               ; 0 (0)                     ; 0                 ; 0          ; 0    ; 0            ; |aula16|ULA1Bit:ULA8|mux2x1:mux_inversor     ; mux2x1      ; work         ;
;       |mux4x1:mux_seletor|  ; 2 (2)               ; 0 (0)                     ; 0                 ; 0          ; 0    ; 0            ; |aula16|ULA1Bit:ULA8|mux4x1:mux_seletor      ; mux4x1      ; work         ;
;    |ULA1Bit:ULA9|           ; 4 (0)               ; 0 (0)                     ; 0                 ; 0          ; 0    ; 0            ; |aula16|ULA1Bit:ULA9                         ; ULA1Bit     ; work         ;
;       |fullAdder:somador|   ; 3 (3)               ; 0 (0)                     ; 0                 ; 0          ; 0    ; 0            ; |aula16|ULA1Bit:ULA9|fullAdder:somador       ; fullAdder   ; work         ;
;       |mux4x1:mux_seletor|  ; 1 (1)               ; 0 (0)                     ; 0                 ; 0          ; 0    ; 0            ; |aula16|ULA1Bit:ULA9|mux4x1:mux_seletor      ; mux4x1      ; work         ;
;    |ULALastBit:ULA31|       ; 4 (2)               ; 0 (0)                     ; 0                 ; 0          ; 0    ; 0            ; |aula16|ULALastBit:ULA31                     ; ULALastBit  ; work         ;
;       |mux2x1:mux_inversor| ; 1 (1)               ; 0 (0)                     ; 0                 ; 0          ; 0    ; 0            ; |aula16|ULALastBit:ULA31|mux2x1:mux_inversor ; mux2x1      ; work         ;
;       |mux4x1:mux_seletor|  ; 1 (1)               ; 0 (0)                     ; 0                 ; 0          ; 0    ; 0            ; |aula16|ULALastBit:ULA31|mux4x1:mux_seletor  ; mux4x1      ; work         ;
+-----------------------------+---------------------+---------------------------+-------------------+------------+------+--------------+----------------------------------------------+-------------+--------------+
Note: For table entries with two numbers listed, the numbers in parentheses indicate the number of resources of the given type used by the specific entity alone. The numbers listed outside of parentheses indicate the total resources of the given type used by the specific entity and all of its sub-entities in the hierarchy.


+------------------------------------------------------+
; General Register Statistics                          ;
+----------------------------------------------+-------+
; Statistic                                    ; Value ;
+----------------------------------------------+-------+
; Total registers                              ; 0     ;
; Number of registers using Synchronous Clear  ; 0     ;
; Number of registers using Synchronous Load   ; 0     ;
; Number of registers using Asynchronous Clear ; 0     ;
; Number of registers using Asynchronous Load  ; 0     ;
; Number of registers using Clock Enable       ; 0     ;
; Number of registers using Preset             ; 0     ;
+----------------------------------------------+-------+


+------------------------------------------------------------------------------------------------------------------------------------------------------------------+
; Multiplexer Restructuring Statistics (Restructuring Performed)                                                                                                   ;
+--------------------+-----------+---------------+----------------------+------------------------+------------+----------------------------------------------------+
; Multiplexer Inputs ; Bus Width ; Baseline Area ; Area if Restructured ; Saving if Restructured ; Registered ; Example Multiplexer Output                         ;
+--------------------+-----------+---------------+----------------------+------------------------+------------+----------------------------------------------------+
; 4:1                ; 31 bits   ; 62 LEs        ; 62 LEs               ; 0 LEs                  ; No         ; |aula16|ULA1Bit:ULA16|mux4x1:mux_seletor|saida_MUX ;
+--------------------+-----------+---------------+----------------------+------------------------+------------+----------------------------------------------------+


+------------------------------------------------------------------------+
; Parameter Settings for User Entity Instance: Top-level Entity: |aula16 ;
+----------------+-------+-----------------------------------------------+
; Parameter Name ; Value ; Type                                          ;
+----------------+-------+-----------------------------------------------+
; larguraDados   ; 32    ; Signed Integer                                ;
+----------------+-------+-----------------------------------------------+
Note: In order to hide this table in the UI and the text report file, please set the "Show Parameter Settings in Synthesis Report" option in "Analysis and Synthesis Settings -> More Settings" to "Off".


+---------------------------------------------------------------------------------------------------------------------+
; Port Connectivity Checks: "ULALastBit:ULA31"                                                                        ;
+-----------+--------+----------+-------------------------------------------------------------------------------------+
; Port      ; Type   ; Severity ; Details                                                                             ;
+-----------+--------+----------+-------------------------------------------------------------------------------------+
; slt       ; Input  ; Info     ; Stuck at GND                                                                        ;
; carry_out ; Output ; Info     ; Connected to dangling logic. Logic that only feeds a dangling port will be removed. ;
+-----------+--------+----------+-------------------------------------------------------------------------------------+


+-------------------------------------------+
; Port Connectivity Checks: "ULA1Bit:ULA30" ;
+------+-------+----------+-----------------+
; Port ; Type  ; Severity ; Details         ;
+------+-------+----------+-----------------+
; slt  ; Input ; Info     ; Stuck at GND    ;
+------+-------+----------+-----------------+


+-------------------------------------------+
; Port Connectivity Checks: "ULA1Bit:ULA29" ;
+------+-------+----------+-----------------+
; Port ; Type  ; Severity ; Details         ;
+------+-------+----------+-----------------+
; slt  ; Input ; Info     ; Stuck at GND    ;
+------+-------+----------+-----------------+


+-------------------------------------------+
; Port Connectivity Checks: "ULA1Bit:ULA28" ;
+------+-------+----------+-----------------+
; Port ; Type  ; Severity ; Details         ;
+------+-------+----------+-----------------+
; slt  ; Input ; Info     ; Stuck at GND    ;
+------+-------+----------+-----------------+


+-------------------------------------------+
; Port Connectivity Checks: "ULA1Bit:ULA27" ;
+------+-------+----------+-----------------+
; Port ; Type  ; Severity ; Details         ;
+------+-------+----------+-----------------+
; slt  ; Input ; Info     ; Stuck at GND    ;
+------+-------+----------+-----------------+


+-------------------------------------------+
; Port Connectivity Checks: "ULA1Bit:ULA26" ;
+------+-------+----------+-----------------+
; Port ; Type  ; Severity ; Details         ;
+------+-------+----------+-----------------+
; slt  ; Input ; Info     ; Stuck at GND    ;
+------+-------+----------+-----------------+


+-------------------------------------------+
; Port Connectivity Checks: "ULA1Bit:ULA25" ;
+------+-------+----------+-----------------+
; Port ; Type  ; Severity ; Details         ;
+------+-------+----------+-----------------+
; slt  ; Input ; Info     ; Stuck at GND    ;
+------+-------+----------+-----------------+


+-------------------------------------------+
; Port Connectivity Checks: "ULA1Bit:ULA24" ;
+------+-------+----------+-----------------+
; Port ; Type  ; Severity ; Details         ;
+------+-------+----------+-----------------+
; slt  ; Input ; Info     ; Stuck at GND    ;
+------+-------+----------+-----------------+


+-------------------------------------------+
; Port Connectivity Checks: "ULA1Bit:ULA23" ;
+------+-------+----------+-----------------+
; Port ; Type  ; Severity ; Details         ;
+------+-------+----------+-----------------+
; slt  ; Input ; Info     ; Stuck at GND    ;
+------+-------+----------+-----------------+


+-------------------------------------------+
; Port Connectivity Checks: "ULA1Bit:ULA22" ;
+------+-------+----------+-----------------+
; Port ; Type  ; Severity ; Details         ;
+------+-------+----------+-----------------+
; slt  ; Input ; Info     ; Stuck at GND    ;
+------+-------+----------+-----------------+


+-------------------------------------------+
; Port Connectivity Checks: "ULA1Bit:ULA21" ;
+------+-------+----------+-----------------+
; Port ; Type  ; Severity ; Details         ;
+------+-------+----------+-----------------+
; slt  ; Input ; Info     ; Stuck at GND    ;
+------+-------+----------+-----------------+


+-------------------------------------------+
; Port Connectivity Checks: "ULA1Bit:ULA20" ;
+------+-------+----------+-----------------+
; Port ; Type  ; Severity ; Details         ;
+------+-------+----------+-----------------+
; slt  ; Input ; Info     ; Stuck at GND    ;
+------+-------+----------+-----------------+


+-------------------------------------------+
; Port Connectivity Checks: "ULA1Bit:ULA19" ;
+------+-------+----------+-----------------+
; Port ; Type  ; Severity ; Details         ;
+------+-------+----------+-----------------+
; slt  ; Input ; Info     ; Stuck at GND    ;
+------+-------+----------+-----------------+


+-------------------------------------------+
; Port Connectivity Checks: "ULA1Bit:ULA18" ;
+------+-------+----------+-----------------+
; Port ; Type  ; Severity ; Details         ;
+------+-------+----------+-----------------+
; slt  ; Input ; Info     ; Stuck at GND    ;
+------+-------+----------+-----------------+


+-------------------------------------------+
; Port Connectivity Checks: "ULA1Bit:ULA17" ;
+------+-------+----------+-----------------+
; Port ; Type  ; Severity ; Details         ;
+------+-------+----------+-----------------+
; slt  ; Input ; Info     ; Stuck at GND    ;
+------+-------+----------+-----------------+


+-------------------------------------------+
; Port Connectivity Checks: "ULA1Bit:ULA16" ;
+------+-------+----------+-----------------+
; Port ; Type  ; Severity ; Details         ;
+------+-------+----------+-----------------+
; slt  ; Input ; Info     ; Stuck at GND    ;
+------+-------+----------+-----------------+


+-------------------------------------------+
; Port Connectivity Checks: "ULA1Bit:ULA15" ;
+------+-------+----------+-----------------+
; Port ; Type  ; Severity ; Details         ;
+------+-------+----------+-----------------+
; slt  ; Input ; Info     ; Stuck at GND    ;
+------+-------+----------+-----------------+


+-------------------------------------------+
; Port Connectivity Checks: "ULA1Bit:ULA14" ;
+------+-------+----------+-----------------+
; Port ; Type  ; Severity ; Details         ;
+------+-------+----------+-----------------+
; slt  ; Input ; Info     ; Stuck at GND    ;
+------+-------+----------+-----------------+


+-------------------------------------------+
; Port Connectivity Checks: "ULA1Bit:ULA13" ;
+------+-------+----------+-----------------+
; Port ; Type  ; Severity ; Details         ;
+------+-------+----------+-----------------+
; slt  ; Input ; Info     ; Stuck at GND    ;
+------+-------+----------+-----------------+


+-------------------------------------------+
; Port Connectivity Checks: "ULA1Bit:ULA12" ;
+------+-------+----------+-----------------+
; Port ; Type  ; Severity ; Details         ;
+------+-------+----------+-----------------+
; slt  ; Input ; Info     ; Stuck at GND    ;
+------+-------+----------+-----------------+


+-------------------------------------------+
; Port Connectivity Checks: "ULA1Bit:ULA11" ;
+------+-------+----------+-----------------+
; Port ; Type  ; Severity ; Details         ;
+------+-------+----------+-----------------+
; slt  ; Input ; Info     ; Stuck at GND    ;
+------+-------+----------+-----------------+


+-------------------------------------------+
; Port Connectivity Checks: "ULA1Bit:ULA10" ;
+------+-------+----------+-----------------+
; Port ; Type  ; Severity ; Details         ;
+------+-------+----------+-----------------+
; slt  ; Input ; Info     ; Stuck at GND    ;
+------+-------+----------+-----------------+


+------------------------------------------+
; Port Connectivity Checks: "ULA1Bit:ULA9" ;
+------+-------+----------+----------------+
; Port ; Type  ; Severity ; Details        ;
+------+-------+----------+----------------+
; slt  ; Input ; Info     ; Stuck at GND   ;
+------+-------+----------+----------------+


+------------------------------------------+
; Port Connectivity Checks: "ULA1Bit:ULA8" ;
+------+-------+----------+----------------+
; Port ; Type  ; Severity ; Details        ;
+------+-------+----------+----------------+
; slt  ; Input ; Info     ; Stuck at GND   ;
+------+-------+----------+----------------+


+------------------------------------------+
; Port Connectivity Checks: "ULA1Bit:ULA7" ;
+------+-------+----------+----------------+
; Port ; Type  ; Severity ; Details        ;
+------+-------+----------+----------------+
; slt  ; Input ; Info     ; Stuck at GND   ;
+------+-------+----------+----------------+


+------------------------------------------+
; Port Connectivity Checks: "ULA1Bit:ULA6" ;
+------+-------+----------+----------------+
; Port ; Type  ; Severity ; Details        ;
+------+-------+----------+----------------+
; slt  ; Input ; Info     ; Stuck at GND   ;
+------+-------+----------+----------------+


+------------------------------------------+
; Port Connectivity Checks: "ULA1Bit:ULA5" ;
+------+-------+----------+----------------+
; Port ; Type  ; Severity ; Details        ;
+------+-------+----------+----------------+
; slt  ; Input ; Info     ; Stuck at GND   ;
+------+-------+----------+----------------+


+------------------------------------------+
; Port Connectivity Checks: "ULA1Bit:ULA4" ;
+------+-------+----------+----------------+
; Port ; Type  ; Severity ; Details        ;
+------+-------+----------+----------------+
; slt  ; Input ; Info     ; Stuck at GND   ;
+------+-------+----------+----------------+


+------------------------------------------+
; Port Connectivity Checks: "ULA1Bit:ULA3" ;
+------+-------+----------+----------------+
; Port ; Type  ; Severity ; Details        ;
+------+-------+----------+----------------+
; slt  ; Input ; Info     ; Stuck at GND   ;
+------+-------+----------+----------------+


+------------------------------------------+
; Port Connectivity Checks: "ULA1Bit:ULA2" ;
+------+-------+----------+----------------+
; Port ; Type  ; Severity ; Details        ;
+------+-------+----------+----------------+
; slt  ; Input ; Info     ; Stuck at GND   ;
+------+-------+----------+----------------+


+------------------------------------------+
; Port Connectivity Checks: "ULA1Bit:ULA1" ;
+------+-------+----------+----------------+
; Port ; Type  ; Severity ; Details        ;
+------+-------+----------+----------------+
; slt  ; Input ; Info     ; Stuck at GND   ;
+------+-------+----------+----------------+


+-----------------------------------------------------+
; Post-Synthesis Netlist Statistics for Top Partition ;
+-----------------------+-----------------------------+
; Type                  ; Count                       ;
+-----------------------+-----------------------------+
; arriav_lcell_comb     ; 120                         ;
;     normal            ; 120                         ;
;         1 data inputs ; 1                           ;
;         2 data inputs ; 39                          ;
;         3 data inputs ; 8                           ;
;         4 data inputs ; 16                          ;
;         5 data inputs ; 27                          ;
;         6 data inputs ; 29                          ;
; boundary_port         ; 101                         ;
;                       ;                             ;
; Max LUT depth         ; 16.00                       ;
; Average LUT depth     ; 11.99                       ;
+-----------------------+-----------------------------+


+-------------------------------+
; Elapsed Time Per Partition    ;
+----------------+--------------+
; Partition Name ; Elapsed Time ;
+----------------+--------------+
; Top            ; 00:00:00     ;
+----------------+--------------+


+-------------------------------+
; Analysis & Synthesis Messages ;
+-------------------------------+
Info: *******************************************************************
Info: Running Quartus Prime Analysis & Synthesis
    Info: Version 20.1.0 Build 711 06/05/2020 SJ Lite Edition
    Info: Processing started: Thu Nov 17 18:23:59 2022
Info: Command: quartus_map --read_settings_files=on --write_settings_files=off aula16 -c aula16
Warning (18236): Number of processors has not been specified which may cause overloading on shared machines.  Set the global assignment NUM_PARALLEL_PROCESSORS in your QSF to an appropriate value for best performance.
Info (20030): Parallel compilation is enabled and will use 2 of the 2 processors detected
Info (12021): Found 2 design units, including 1 entities, in source file ULA1Bit.vhd
    Info (12022): Found design unit 1: ULA1Bit-comportamento File: /home/joao/descomp_oficial/DesComp/Aula16/ULA1Bit.vhd Line: 11
    Info (12023): Found entity 1: ULA1Bit File: /home/joao/descomp_oficial/DesComp/Aula16/ULA1Bit.vhd Line: 4
Info (12021): Found 2 design units, including 1 entities, in source file mux4x1.vhd
    Info (12022): Found design unit 1: mux4x1-comportamento File: /home/joao/descomp_oficial/DesComp/Aula16/mux4x1.vhd Line: 12
    Info (12023): Found entity 1: mux4x1 File: /home/joao/descomp_oficial/DesComp/Aula16/mux4x1.vhd Line: 4
Info (12021): Found 2 design units, including 1 entities, in source file aula16.vhd
    Info (12022): Found design unit 1: aula16-comportamento File: /home/joao/descomp_oficial/DesComp/Aula16/aula16.vhd Line: 16
    Info (12023): Found entity 1: aula16 File: /home/joao/descomp_oficial/DesComp/Aula16/aula16.vhd Line: 5
Info (12021): Found 2 design units, including 1 entities, in source file fullAdder.vhd
    Info (12022): Found design unit 1: fullAdder-comportamento File: /home/joao/descomp_oficial/DesComp/Aula16/fullAdder.vhd Line: 10
    Info (12023): Found entity 1: fullAdder File: /home/joao/descomp_oficial/DesComp/Aula16/fullAdder.vhd Line: 4
Info (12021): Found 2 design units, including 1 entities, in source file mux2x1.vhd
    Info (12022): Found design unit 1: mux2x1-comportamento File: /home/joao/descomp_oficial/DesComp/Aula16/mux2x1.vhd Line: 12
    Info (12023): Found entity 1: mux2x1 File: /home/joao/descomp_oficial/DesComp/Aula16/mux2x1.vhd Line: 4
Info (12021): Found 2 design units, including 1 entities, in source file ULALastBit.vhd
    Info (12022): Found design unit 1: ULALastBit-comportamento File: /home/joao/descomp_oficial/DesComp/Aula16/ULALastBit.vhd Line: 11
    Info (12023): Found entity 1: ULALastBit File: /home/joao/descomp_oficial/DesComp/Aula16/ULALastBit.vhd Line: 4
Info (12127): Elaborating entity "aula16" for the top level hierarchy
Warning (10036): Verilog HDL or VHDL warning at aula16.vhd(20): object "carry_out" assigned a value but never read File: /home/joao/descomp_oficial/DesComp/Aula16/aula16.vhd Line: 20
Info (12128): Elaborating entity "ULA1Bit" for hierarchy "ULA1Bit:ULA0" File: /home/joao/descomp_oficial/DesComp/Aula16/aula16.vhd Line: 23
Info (12128): Elaborating entity "mux4x1" for hierarchy "ULA1Bit:ULA0|mux4x1:mux_seletor" File: /home/joao/descomp_oficial/DesComp/Aula16/ULA1Bit.vhd Line: 16
Info (12128): Elaborating entity "mux2x1" for hierarchy "ULA1Bit:ULA0|mux2x1:mux_inversor" File: /home/joao/descomp_oficial/DesComp/Aula16/ULA1Bit.vhd Line: 25
Info (12128): Elaborating entity "fullAdder" for hierarchy "ULA1Bit:ULA0|fullAdder:somador" File: /home/joao/descomp_oficial/DesComp/Aula16/ULA1Bit.vhd Line: 32
Info (12128): Elaborating entity "ULALastBit" for hierarchy "ULALastBit:ULA31" File: /home/joao/descomp_oficial/DesComp/Aula16/aula16.vhd Line: 364
Info (286030): Timing-Driven Synthesis is running
Info (16010): Generating hard_block partition "hard_block:auto_generated_inst"
    Info (16011): Adding 0 node(s), including 0 DDIO, 0 PLL, 0 transceiver and 0 LCELL
Info (21057): Implemented 220 device resources after synthesis - the final resource count might be different
    Info (21058): Implemented 67 input pins
    Info (21059): Implemented 34 output pins
    Info (21061): Implemented 119 logic cells
Info: Quartus Prime Analysis & Synthesis was successful. 0 errors, 2 warnings
    Info: Peak virtual memory: 476 megabytes
    Info: Processing ended: Thu Nov 17 18:24:10 2022
    Info: Elapsed time: 00:00:11
    Info: Total CPU time (on all processors): 00:00:13


