Analysis & Synthesis report for relogio
Fri Oct 28 11:42:22 2022
Quartus Prime Version 20.1.0 Build 711 06/05/2020 SJ Lite Edition


---------------------
; Table of Contents ;
---------------------
  1. Legal Notice
  2. Analysis & Synthesis Summary
  3. Analysis & Synthesis Settings
  4. Parallel Compilation
  5. Analysis & Synthesis Source Files Read
  6. Analysis & Synthesis Resource Usage Summary
  7. Analysis & Synthesis Resource Utilization by Entity
  8. General Register Statistics
  9. Multiplexer Restructuring Statistics (Restructuring Performed)
 10. Parameter Settings for User Entity Instance: Top-level Entity: |relogio
 11. Parameter Settings for User Entity Instance: CPU:CPU
 12. Parameter Settings for User Entity Instance: CPU:CPU|muxGenerico2x1:MUXULA
 13. Parameter Settings for User Entity Instance: CPU:CPU|muxGenerico4x1:MUX_PC
 14. Parameter Settings for User Entity Instance: CPU:CPU|bancoRegistradoresArqRegMem:REGs
 15. Parameter Settings for User Entity Instance: CPU:CPU|registradorGenerico:REGRet
 16. Parameter Settings for User Entity Instance: CPU:CPU|registradorGenerico:PC
 17. Parameter Settings for User Entity Instance: CPU:CPU|somaConstante:incrementaPC
 18. Parameter Settings for User Entity Instance: CPU:CPU|ULA:ULA1
 19. Parameter Settings for User Entity Instance: divisorGenerico:BATIDA_SEGUNDO_ENTRADA
 20. Parameter Settings for User Entity Instance: memoriaRAM:RAM
 21. Parameter Settings for User Entity Instance: memoriaROM:ROM
 22. Parameter Settings for User Entity Instance: registradorGenerico:REGLED
 23. Parameter Settings for User Entity Instance: reg7Seg:Display0|registradorGenerico:REG
 24. Parameter Settings for User Entity Instance: reg7Seg:Display1|registradorGenerico:REG
 25. Parameter Settings for User Entity Instance: reg7Seg:Display2|registradorGenerico:REG
 26. Parameter Settings for User Entity Instance: reg7Seg:Display3|registradorGenerico:REG
 27. Parameter Settings for User Entity Instance: reg7Seg:Display4|registradorGenerico:REG
 28. Parameter Settings for User Entity Instance: reg7Seg:Display5|registradorGenerico:REG
 29. Port Connectivity Checks: "reg7Seg:Display0|conversorHex7Seg:Conv"
 30. Port Connectivity Checks: "reg7Seg:Display0|registradorGenerico:REG"
 31. Port Connectivity Checks: "flipflop:FF_BATIDA_SEGUNDO"
 32. Port Connectivity Checks: "flipflop:FF_FPGA_RESET"
 33. Port Connectivity Checks: "flipflop:FF_KEY3"
 34. Port Connectivity Checks: "flipflop:FF_KEY2"
 35. Port Connectivity Checks: "flipflop:FF_KEY1"
 36. Port Connectivity Checks: "flipflop:FF_KEY0"
 37. Port Connectivity Checks: "flipflop:FF2"
 38. Port Connectivity Checks: "flipflop:FF1"
 39. Port Connectivity Checks: "registradorGenerico:REGLED"
 40. Port Connectivity Checks: "dataAddresser:DataAddr"
 41. Port Connectivity Checks: "CPU:CPU|registradorGenerico:PC"
 42. Port Connectivity Checks: "CPU:CPU|muxGenerico4x1:MUX_PC"
 43. Port Connectivity Checks: "CPU:CPU"
 44. Post-Synthesis Netlist Statistics for Top Partition
 45. Elapsed Time Per Partition
 46. Analysis & Synthesis Messages



----------------
; Legal Notice ;
----------------
Copyright (C) 2020  Intel Corporation. All rights reserved.
Your use of Intel Corporation's design tools, logic functions 
and other software and tools, and any partner logic 
functions, and any output files from any of the foregoing 
(including device programming or simulation files), and any 
associated documentation or information are expressly subject 
to the terms and conditions of the Intel Program License 
Subscription Agreement, the Intel Quartus Prime License Agreement,
the Intel FPGA IP License Agreement, or other applicable license
agreement, including, without limitation, that your use is for
the sole purpose of programming logic devices manufactured by
Intel and sold by Intel or its authorized distributors.  Please
refer to the applicable agreement for further details, at
https://fpgasoftware.intel.com/eula.



+-------------------------------------------------------------------------------+
; Analysis & Synthesis Summary                                                  ;
+---------------------------------+---------------------------------------------+
; Analysis & Synthesis Status     ; Successful - Fri Oct 28 11:42:22 2022       ;
; Quartus Prime Version           ; 20.1.0 Build 711 06/05/2020 SJ Lite Edition ;
; Revision Name                   ; relogio                                     ;
; Top-level Entity Name           ; relogio                                     ;
; Family                          ; Cyclone V                                   ;
; Logic utilization (in ALMs)     ; N/A                                         ;
; Total registers                 ; 666                                         ;
; Total pins                      ; 77                                          ;
; Total virtual pins              ; 0                                           ;
; Total block memory bits         ; 0                                           ;
; Total DSP Blocks                ; 0                                           ;
; Total HSSI RX PCSs              ; 0                                           ;
; Total HSSI PMA RX Deserializers ; 0                                           ;
; Total HSSI TX PCSs              ; 0                                           ;
; Total HSSI PMA TX Serializers   ; 0                                           ;
; Total PLLs                      ; 0                                           ;
; Total DLLs                      ; 0                                           ;
+---------------------------------+---------------------------------------------+


+---------------------------------------------------------------------------------------------------------------------------+
; Analysis & Synthesis Settings                                                                                             ;
+---------------------------------------------------------------------------------+--------------------+--------------------+
; Option                                                                          ; Setting            ; Default Value      ;
+---------------------------------------------------------------------------------+--------------------+--------------------+
; Device                                                                          ; 5CEBA4F23C7        ;                    ;
; Top-level entity name                                                           ; relogio            ; relogio            ;
; Family name                                                                     ; Cyclone V          ; Cyclone V          ;
; VHDL Show LMF Mapping Messages                                                  ; Off                ;                    ;
; VHDL Version                                                                    ; VHDL_2008          ; VHDL_1993          ;
; Use smart compilation                                                           ; Off                ; Off                ;
; Enable parallel Assembler and Timing Analyzer during compilation                ; On                 ; On                 ;
; Enable compact report table                                                     ; Off                ; Off                ;
; Restructure Multiplexers                                                        ; Auto               ; Auto               ;
; MLAB Add Timing Constraints For Mixed-Port Feed-Through Mode Setting Don't Care ; Off                ; Off                ;
; Create Debugging Nodes for IP Cores                                             ; Off                ; Off                ;
; Preserve fewer node names                                                       ; On                 ; On                 ;
; Intel FPGA IP Evaluation Mode                                                   ; Enable             ; Enable             ;
; Verilog Version                                                                 ; Verilog_2001       ; Verilog_2001       ;
; State Machine Processing                                                        ; Auto               ; Auto               ;
; Safe State Machine                                                              ; Off                ; Off                ;
; Extract Verilog State Machines                                                  ; On                 ; On                 ;
; Extract VHDL State Machines                                                     ; On                 ; On                 ;
; Ignore Verilog initial constructs                                               ; Off                ; Off                ;
; Iteration limit for constant Verilog loops                                      ; 5000               ; 5000               ;
; Iteration limit for non-constant Verilog loops                                  ; 250                ; 250                ;
; Add Pass-Through Logic to Inferred RAMs                                         ; On                 ; On                 ;
; Infer RAMs from Raw Logic                                                       ; On                 ; On                 ;
; Parallel Synthesis                                                              ; On                 ; On                 ;
; DSP Block Balancing                                                             ; Auto               ; Auto               ;
; NOT Gate Push-Back                                                              ; On                 ; On                 ;
; Power-Up Don't Care                                                             ; On                 ; On                 ;
; Remove Redundant Logic Cells                                                    ; Off                ; Off                ;
; Remove Duplicate Registers                                                      ; On                 ; On                 ;
; Ignore CARRY Buffers                                                            ; Off                ; Off                ;
; Ignore CASCADE Buffers                                                          ; Off                ; Off                ;
; Ignore GLOBAL Buffers                                                           ; Off                ; Off                ;
; Ignore ROW GLOBAL Buffers                                                       ; Off                ; Off                ;
; Ignore LCELL Buffers                                                            ; Off                ; Off                ;
; Ignore SOFT Buffers                                                             ; On                 ; On                 ;
; Limit AHDL Integers to 32 Bits                                                  ; Off                ; Off                ;
; Optimization Technique                                                          ; Balanced           ; Balanced           ;
; Carry Chain Length                                                              ; 70                 ; 70                 ;
; Auto Carry Chains                                                               ; On                 ; On                 ;
; Auto Open-Drain Pins                                                            ; On                 ; On                 ;
; Perform WYSIWYG Primitive Resynthesis                                           ; Off                ; Off                ;
; Auto ROM Replacement                                                            ; On                 ; On                 ;
; Auto RAM Replacement                                                            ; On                 ; On                 ;
; Auto DSP Block Replacement                                                      ; On                 ; On                 ;
; Auto Shift Register Replacement                                                 ; Auto               ; Auto               ;
; Allow Shift Register Merging across Hierarchies                                 ; Auto               ; Auto               ;
; Auto Clock Enable Replacement                                                   ; On                 ; On                 ;
; Strict RAM Replacement                                                          ; Off                ; Off                ;
; Allow Synchronous Control Signals                                               ; On                 ; On                 ;
; Force Use of Synchronous Clear Signals                                          ; Off                ; Off                ;
; Auto Resource Sharing                                                           ; Off                ; Off                ;
; Allow Any RAM Size For Recognition                                              ; Off                ; Off                ;
; Allow Any ROM Size For Recognition                                              ; Off                ; Off                ;
; Allow Any Shift Register Size For Recognition                                   ; Off                ; Off                ;
; Use LogicLock Constraints during Resource Balancing                             ; On                 ; On                 ;
; Ignore translate_off and synthesis_off directives                               ; Off                ; Off                ;
; Timing-Driven Synthesis                                                         ; On                 ; On                 ;
; Report Parameter Settings                                                       ; On                 ; On                 ;
; Report Source Assignments                                                       ; On                 ; On                 ;
; Report Connectivity Checks                                                      ; On                 ; On                 ;
; Ignore Maximum Fan-Out Assignments                                              ; Off                ; Off                ;
; Synchronization Register Chain Length                                           ; 3                  ; 3                  ;
; Power Optimization During Synthesis                                             ; Normal compilation ; Normal compilation ;
; HDL message level                                                               ; Level2             ; Level2             ;
; Suppress Register Optimization Related Messages                                 ; Off                ; Off                ;
; Number of Removed Registers Reported in Synthesis Report                        ; 5000               ; 5000               ;
; Number of Swept Nodes Reported in Synthesis Report                              ; 5000               ; 5000               ;
; Number of Inverted Registers Reported in Synthesis Report                       ; 100                ; 100                ;
; Clock MUX Protection                                                            ; On                 ; On                 ;
; Auto Gated Clock Conversion                                                     ; Off                ; Off                ;
; Block Design Naming                                                             ; Auto               ; Auto               ;
; SDC constraint protection                                                       ; Off                ; Off                ;
; Synthesis Effort                                                                ; Auto               ; Auto               ;
; Shift Register Replacement - Allow Asynchronous Clear Signal                    ; On                 ; On                 ;
; Pre-Mapping Resynthesis Optimization                                            ; Off                ; Off                ;
; Analysis & Synthesis Message Level                                              ; Medium             ; Medium             ;
; Disable Register Merging Across Hierarchies                                     ; Auto               ; Auto               ;
; Resource Aware Inference For Block RAM                                          ; On                 ; On                 ;
; Automatic Parallel Synthesis                                                    ; On                 ; On                 ;
; Partial Reconfiguration Bitstream ID                                            ; Off                ; Off                ;
+---------------------------------------------------------------------------------+--------------------+--------------------+


+------------------------------------------+
; Parallel Compilation                     ;
+----------------------------+-------------+
; Processors                 ; Number      ;
+----------------------------+-------------+
; Number detected on machine ; 4           ;
; Maximum allowed            ; 2           ;
;                            ;             ;
; Average used               ; 1.00        ;
; Maximum used               ; 2           ;
;                            ;             ;
; Usage by Processor         ; % Time Used ;
;     Processor 1            ; 100.0%      ;
;     Processor 2            ;   0.0%      ;
+----------------------------+-------------+


+-------------------------------------------------------------------------------------------------------------------------------------+
; Analysis & Synthesis Source Files Read                                                                                              ;
+----------------------------------+-----------------+-----------------+----------------------------------------------------+---------+
; File Name with User-Entered Path ; Used in Netlist ; File Type       ; File Name with Absolute Path                       ; Library ;
+----------------------------------+-----------------+-----------------+----------------------------------------------------+---------+
; relogio.vhd                      ; yes             ; User VHDL File  ; C:/DesComp/Relogio/relogio.vhd                     ;         ;
; ULA.vhd                          ; yes             ; User VHDL File  ; C:/DesComp/Relogio/ULA.vhd                         ;         ;
; somaConstante.vhd                ; yes             ; User VHDL File  ; C:/DesComp/Relogio/somaConstante.vhd               ;         ;
; registradorGenerico.vhd          ; yes             ; User VHDL File  ; C:/DesComp/Relogio/registradorGenerico.vhd         ;         ;
; reg7Seg.vhd                      ; yes             ; User VHDL File  ; C:/DesComp/Relogio/reg7Seg.vhd                     ;         ;
; muxGenerico4x1.vhd               ; yes             ; User VHDL File  ; C:/DesComp/Relogio/muxGenerico4x1.vhd              ;         ;
; muxGenerico2x1.vhd               ; yes             ; User VHDL File  ; C:/DesComp/Relogio/muxGenerico2x1.vhd              ;         ;
; memoriaROM.vhd                   ; yes             ; User VHDL File  ; C:/DesComp/Relogio/memoriaROM.vhd                  ;         ;
; memoriaRAM.vhd                   ; yes             ; User VHDL File  ; C:/DesComp/Relogio/memoriaRAM.vhd                  ;         ;
; logicaDesvio.vhd                 ; yes             ; User VHDL File  ; C:/DesComp/Relogio/logicaDesvio.vhd                ;         ;
; flipflop.vhd                     ; yes             ; User VHDL File  ; C:/DesComp/Relogio/flipflop.vhd                    ;         ;
; edgeDetector.vhd                 ; yes             ; User VHDL File  ; C:/DesComp/Relogio/edgeDetector.vhd                ;         ;
; decoderInstru.vhd                ; yes             ; User VHDL File  ; C:/DesComp/Relogio/decoderInstru.vhd               ;         ;
; decoder3x8.vhd                   ; yes             ; User VHDL File  ; C:/DesComp/Relogio/decoder3x8.vhd                  ;         ;
; dataAddresser.vhd                ; yes             ; User VHDL File  ; C:/DesComp/Relogio/dataAddresser.vhd               ;         ;
; CPU.vhd                          ; yes             ; User VHDL File  ; C:/DesComp/Relogio/CPU.vhd                         ;         ;
; conversorHex7Seg.vhd             ; yes             ; User VHDL File  ; C:/DesComp/Relogio/conversorHex7Seg.vhd            ;         ;
; buffer_3_state_8x8.vhd           ; yes             ; User VHDL File  ; C:/DesComp/Relogio/buffer_3_state_8x8.vhd          ;         ;
; bancoRegistradoresArqRegMem.vhd  ; yes             ; User VHDL File  ; C:/DesComp/Relogio/bancoRegistradoresArqRegMem.vhd ;         ;
; divisorGenerico.vhd              ; yes             ; User VHDL File  ; C:/DesComp/Relogio/divisorGenerico.vhd             ;         ;
+----------------------------------+-----------------+-----------------+----------------------------------------------------+---------+


+--------------------------------------------------------------+
; Analysis & Synthesis Resource Usage Summary                  ;
+---------------------------------------------+----------------+
; Resource                                    ; Usage          ;
+---------------------------------------------+----------------+
; Estimate of Logic utilization (ALMs needed) ; 613            ;
;                                             ;                ;
; Combinational ALUT usage for logic          ; 670            ;
;     -- 7 input functions                    ; 35             ;
;     -- 6 input functions                    ; 381            ;
;     -- 5 input functions                    ; 67             ;
;     -- 4 input functions                    ; 63             ;
;     -- <=3 input functions                  ; 124            ;
;                                             ;                ;
; Dedicated logic registers                   ; 666            ;
;                                             ;                ;
; I/O pins                                    ; 77             ;
;                                             ;                ;
; Total DSP Blocks                            ; 0              ;
;                                             ;                ;
; Maximum fan-out node                        ; CLOCK_50~input ;
; Maximum fan-out                             ; 660            ;
; Total fan-out                               ; 5618           ;
; Average fan-out                             ; 3.77           ;
+---------------------------------------------+----------------+


+---------------------------------------------------------------------------------------------------------------------------------------------------------------------------------------------------------------------------------------------------------+
; Analysis & Synthesis Resource Utilization by Entity                                                                                                                                                                                                     ;
+---------------------------------------------+---------------------+---------------------------+-------------------+------------+------+--------------+-----------------------------------------------------+-----------------------------+--------------+
; Compilation Hierarchy Node                  ; Combinational ALUTs ; Dedicated Logic Registers ; Block Memory Bits ; DSP Blocks ; Pins ; Virtual Pins ; Full Hierarchy Name                                 ; Entity Name                 ; Library Name ;
+---------------------------------------------+---------------------+---------------------------+-------------------+------------+------+--------------+-----------------------------------------------------+-----------------------------+--------------+
; |relogio                                    ; 670 (31)            ; 666 (0)                   ; 0                 ; 0          ; 77   ; 0            ; |relogio                                            ; relogio                     ; work         ;
;    |CPU:CPU|                                ; 102 (0)             ; 83 (0)                    ; 0                 ; 0          ; 0    ; 0            ; |relogio|CPU:CPU                                    ; CPU                         ; work         ;
;       |ULA:ULA1|                            ; 19 (19)             ; 0 (0)                     ; 0                 ; 0          ; 0    ; 0            ; |relogio|CPU:CPU|ULA:ULA1                           ; ULA                         ; work         ;
;       |bancoRegistradoresArqRegMem:REGs|    ; 24 (24)             ; 64 (64)                   ; 0                 ; 0          ; 0    ; 0            ; |relogio|CPU:CPU|bancoRegistradoresArqRegMem:REGs   ; bancoRegistradoresArqRegMem ; work         ;
;       |decoderInstru:decoder|               ; 11 (11)             ; 0 (0)                     ; 0                 ; 0          ; 0    ; 0            ; |relogio|CPU:CPU|decoderInstru:decoder              ; decoderInstru               ; work         ;
;       |flipflop:FF_Zero|                    ; 6 (6)               ; 1 (1)                     ; 0                 ; 0          ; 0    ; 0            ; |relogio|CPU:CPU|flipflop:FF_Zero                   ; flipflop                    ; work         ;
;       |logicaDesvio:LogicaDesvio|           ; 1 (1)               ; 0 (0)                     ; 0                 ; 0          ; 0    ; 0            ; |relogio|CPU:CPU|logicaDesvio:LogicaDesvio          ; logicaDesvio                ; work         ;
;       |muxGenerico2x1:MUXULA|               ; 23 (23)             ; 0 (0)                     ; 0                 ; 0          ; 0    ; 0            ; |relogio|CPU:CPU|muxGenerico2x1:MUXULA              ; muxGenerico2x1              ; work         ;
;       |muxGenerico4x1:MUX_PC|               ; 9 (9)               ; 0 (0)                     ; 0                 ; 0          ; 0    ; 0            ; |relogio|CPU:CPU|muxGenerico4x1:MUX_PC              ; muxGenerico4x1              ; work         ;
;       |registradorGenerico:PC|              ; 0 (0)               ; 9 (9)                     ; 0                 ; 0          ; 0    ; 0            ; |relogio|CPU:CPU|registradorGenerico:PC             ; registradorGenerico         ; work         ;
;       |registradorGenerico:REGRet|          ; 0 (0)               ; 9 (9)                     ; 0                 ; 0          ; 0    ; 0            ; |relogio|CPU:CPU|registradorGenerico:REGRet         ; registradorGenerico         ; work         ;
;       |somaConstante:incrementaPC|          ; 9 (9)               ; 0 (0)                     ; 0                 ; 0          ; 0    ; 0            ; |relogio|CPU:CPU|somaConstante:incrementaPC         ; somaConstante               ; work         ;
;    |dataAddresser:DataAddr|                 ; 1 (0)               ; 0 (0)                     ; 0                 ; 0          ; 0    ; 0            ; |relogio|dataAddresser:DataAddr                     ; dataAddresser               ; work         ;
;       |decoder3x8:decBloco|                 ; 1 (1)               ; 0 (0)                     ; 0                 ; 0          ; 0    ; 0            ; |relogio|dataAddresser:DataAddr|decoder3x8:decBloco ; decoder3x8                  ; work         ;
;    |divisorGenerico:BATIDA_SEGUNDO_ENTRADA| ; 33 (33)             ; 26 (26)                   ; 0                 ; 0          ; 0    ; 0            ; |relogio|divisorGenerico:BATIDA_SEGUNDO_ENTRADA     ; divisorGenerico             ; work         ;
;    |edgeDetector:BORDA_FPGA_RESET|          ; 2 (2)               ; 1 (1)                     ; 0                 ; 0          ; 0    ; 0            ; |relogio|edgeDetector:BORDA_FPGA_RESET              ; edgeDetector                ; work         ;
;    |edgeDetector:BORDA_KEY0|                ; 2 (2)               ; 1 (1)                     ; 0                 ; 0          ; 0    ; 0            ; |relogio|edgeDetector:BORDA_KEY0                    ; edgeDetector                ; work         ;
;    |edgeDetector:BORDA_KEY1|                ; 2 (2)               ; 1 (1)                     ; 0                 ; 0          ; 0    ; 0            ; |relogio|edgeDetector:BORDA_KEY1                    ; edgeDetector                ; work         ;
;    |edgeDetector:BORDA_KEY2|                ; 2 (2)               ; 1 (1)                     ; 0                 ; 0          ; 0    ; 0            ; |relogio|edgeDetector:BORDA_KEY2                    ; edgeDetector                ; work         ;
;    |edgeDetector:BORDA_KEY3|                ; 2 (2)               ; 1 (1)                     ; 0                 ; 0          ; 0    ; 0            ; |relogio|edgeDetector:BORDA_KEY3                    ; edgeDetector                ; work         ;
;    |flipflop:FF1|                           ; 1 (1)               ; 1 (1)                     ; 0                 ; 0          ; 0    ; 0            ; |relogio|flipflop:FF1                               ; flipflop                    ; work         ;
;    |flipflop:FF2|                           ; 1 (1)               ; 1 (1)                     ; 0                 ; 0          ; 0    ; 0            ; |relogio|flipflop:FF2                               ; flipflop                    ; work         ;
;    |flipflop:FF_BATIDA_SEGUNDO|             ; 0 (0)               ; 1 (1)                     ; 0                 ; 0          ; 0    ; 0            ; |relogio|flipflop:FF_BATIDA_SEGUNDO                 ; flipflop                    ; work         ;
;    |flipflop:FF_FPGA_RESET|                 ; 0 (0)               ; 1 (1)                     ; 0                 ; 0          ; 0    ; 0            ; |relogio|flipflop:FF_FPGA_RESET                     ; flipflop                    ; work         ;
;    |flipflop:FF_KEY0|                       ; 0 (0)               ; 1 (1)                     ; 0                 ; 0          ; 0    ; 0            ; |relogio|flipflop:FF_KEY0                           ; flipflop                    ; work         ;
;    |flipflop:FF_KEY1|                       ; 0 (0)               ; 1 (1)                     ; 0                 ; 0          ; 0    ; 0            ; |relogio|flipflop:FF_KEY1                           ; flipflop                    ; work         ;
;    |flipflop:FF_KEY2|                       ; 0 (0)               ; 1 (1)                     ; 0                 ; 0          ; 0    ; 0            ; |relogio|flipflop:FF_KEY2                           ; flipflop                    ; work         ;
;    |flipflop:FF_KEY3|                       ; 0 (0)               ; 1 (1)                     ; 0                 ; 0          ; 0    ; 0            ; |relogio|flipflop:FF_KEY3                           ; flipflop                    ; work         ;
;    |memoriaRAM:RAM|                         ; 297 (297)           ; 512 (512)                 ; 0                 ; 0          ; 0    ; 0            ; |relogio|memoriaRAM:RAM                             ; memoriaRAM                  ; work         ;
;    |memoriaROM:ROM|                         ; 152 (152)           ; 0 (0)                     ; 0                 ; 0          ; 0    ; 0            ; |relogio|memoriaROM:ROM                             ; memoriaROM                  ; work         ;
;    |reg7Seg:Display0|                       ; 7 (0)               ; 4 (0)                     ; 0                 ; 0          ; 0    ; 0            ; |relogio|reg7Seg:Display0                           ; reg7Seg                     ; work         ;
;       |conversorHex7Seg:Conv|               ; 7 (7)               ; 0 (0)                     ; 0                 ; 0          ; 0    ; 0            ; |relogio|reg7Seg:Display0|conversorHex7Seg:Conv     ; conversorHex7Seg            ; work         ;
;       |registradorGenerico:REG|             ; 0 (0)               ; 4 (4)                     ; 0                 ; 0          ; 0    ; 0            ; |relogio|reg7Seg:Display0|registradorGenerico:REG   ; registradorGenerico         ; work         ;
;    |reg7Seg:Display1|                       ; 7 (0)               ; 4 (0)                     ; 0                 ; 0          ; 0    ; 0            ; |relogio|reg7Seg:Display1                           ; reg7Seg                     ; work         ;
;       |conversorHex7Seg:Conv|               ; 7 (7)               ; 0 (0)                     ; 0                 ; 0          ; 0    ; 0            ; |relogio|reg7Seg:Display1|conversorHex7Seg:Conv     ; conversorHex7Seg            ; work         ;
;       |registradorGenerico:REG|             ; 0 (0)               ; 4 (4)                     ; 0                 ; 0          ; 0    ; 0            ; |relogio|reg7Seg:Display1|registradorGenerico:REG   ; registradorGenerico         ; work         ;
;    |reg7Seg:Display2|                       ; 7 (0)               ; 4 (0)                     ; 0                 ; 0          ; 0    ; 0            ; |relogio|reg7Seg:Display2                           ; reg7Seg                     ; work         ;
;       |conversorHex7Seg:Conv|               ; 7 (7)               ; 0 (0)                     ; 0                 ; 0          ; 0    ; 0            ; |relogio|reg7Seg:Display2|conversorHex7Seg:Conv     ; conversorHex7Seg            ; work         ;
;       |registradorGenerico:REG|             ; 0 (0)               ; 4 (4)                     ; 0                 ; 0          ; 0    ; 0            ; |relogio|reg7Seg:Display2|registradorGenerico:REG   ; registradorGenerico         ; work         ;
;    |reg7Seg:Display3|                       ; 7 (0)               ; 4 (0)                     ; 0                 ; 0          ; 0    ; 0            ; |relogio|reg7Seg:Display3                           ; reg7Seg                     ; work         ;
;       |conversorHex7Seg:Conv|               ; 7 (7)               ; 0 (0)                     ; 0                 ; 0          ; 0    ; 0            ; |relogio|reg7Seg:Display3|conversorHex7Seg:Conv     ; conversorHex7Seg            ; work         ;
;       |registradorGenerico:REG|             ; 0 (0)               ; 4 (4)                     ; 0                 ; 0          ; 0    ; 0            ; |relogio|reg7Seg:Display3|registradorGenerico:REG   ; registradorGenerico         ; work         ;
;    |reg7Seg:Display4|                       ; 7 (0)               ; 4 (0)                     ; 0                 ; 0          ; 0    ; 0            ; |relogio|reg7Seg:Display4                           ; reg7Seg                     ; work         ;
;       |conversorHex7Seg:Conv|               ; 7 (7)               ; 0 (0)                     ; 0                 ; 0          ; 0    ; 0            ; |relogio|reg7Seg:Display4|conversorHex7Seg:Conv     ; conversorHex7Seg            ; work         ;
;       |registradorGenerico:REG|             ; 0 (0)               ; 4 (4)                     ; 0                 ; 0          ; 0    ; 0            ; |relogio|reg7Seg:Display4|registradorGenerico:REG   ; registradorGenerico         ; work         ;
;    |reg7Seg:Display5|                       ; 7 (0)               ; 4 (0)                     ; 0                 ; 0          ; 0    ; 0            ; |relogio|reg7Seg:Display5                           ; reg7Seg                     ; work         ;
;       |conversorHex7Seg:Conv|               ; 7 (7)               ; 0 (0)                     ; 0                 ; 0          ; 0    ; 0            ; |relogio|reg7Seg:Display5|conversorHex7Seg:Conv     ; conversorHex7Seg            ; work         ;
;       |registradorGenerico:REG|             ; 0 (0)               ; 4 (4)                     ; 0                 ; 0          ; 0    ; 0            ; |relogio|reg7Seg:Display5|registradorGenerico:REG   ; registradorGenerico         ; work         ;
;    |registradorGenerico:REGLED|             ; 0 (0)               ; 8 (8)                     ; 0                 ; 0          ; 0    ; 0            ; |relogio|registradorGenerico:REGLED                 ; registradorGenerico         ; work         ;
+---------------------------------------------+---------------------+---------------------------+-------------------+------------+------+--------------+-----------------------------------------------------+-----------------------------+--------------+
Note: For table entries with two numbers listed, the numbers in parentheses indicate the number of resources of the given type used by the specific entity alone. The numbers listed outside of parentheses indicate the total resources of the given type used by the specific entity and all of its sub-entities in the hierarchy.


+------------------------------------------------------+
; General Register Statistics                          ;
+----------------------------------------------+-------+
; Statistic                                    ; Value ;
+----------------------------------------------+-------+
; Total registers                              ; 666   ;
; Number of registers using Synchronous Clear  ; 25    ;
; Number of registers using Synchronous Load   ; 64    ;
; Number of registers using Asynchronous Clear ; 6     ;
; Number of registers using Asynchronous Load  ; 0     ;
; Number of registers using Clock Enable       ; 617   ;
; Number of registers using Preset             ; 0     ;
+----------------------------------------------+-------+


+-------------------------------------------------------------------------------------------------------------------------------------------------------------------+
; Multiplexer Restructuring Statistics (Restructuring Performed)                                                                                                    ;
+--------------------+-----------+---------------+----------------------+------------------------+------------+-----------------------------------------------------+
; Multiplexer Inputs ; Bus Width ; Baseline Area ; Area if Restructured ; Saving if Restructured ; Registered ; Example Multiplexer Output                          ;
+--------------------+-----------+---------------+----------------------+------------------------+------------+-----------------------------------------------------+
; 4:1                ; 9 bits    ; 18 LEs        ; 18 LEs               ; 0 LEs                  ; Yes        ; |relogio|CPU:CPU|registradorGenerico:PC|DOUT[8]     ;
; 3:1                ; 7 bits    ; 14 LEs        ; 14 LEs               ; 0 LEs                  ; No         ; |relogio|CPU:CPU|muxGenerico2x1:MUXULA|saida_MUX[1] ;
; 3:1                ; 2 bits    ; 4 LEs         ; 4 LEs                ; 0 LEs                  ; No         ; |relogio|CPU:CPU|decoderInstru:decoder|saida[4]     ;
; 3:1                ; 8 bits    ; 16 LEs        ; 16 LEs               ; 0 LEs                  ; No         ; |relogio|CPU:CPU|ULA:ULA1|saida[4]                  ;
+--------------------+-----------+---------------+----------------------+------------------------+------------+-----------------------------------------------------+


+-------------------------------------------------------------------------+
; Parameter Settings for User Entity Instance: Top-level Entity: |relogio ;
+------------------+-------+----------------------------------------------+
; Parameter Name   ; Value ; Type                                         ;
+------------------+-------+----------------------------------------------+
; larguraDados     ; 8     ; Signed Integer                               ;
; larguraEnderecos ; 9     ; Signed Integer                               ;
; larguraInstru    ; 16    ; Signed Integer                               ;
; larguraRAM       ; 6     ; Signed Integer                               ;
; simulacao        ; false ; Enumerated                                   ;
+------------------+-------+----------------------------------------------+
Note: In order to hide this table in the UI and the text report file, please set the "Show Parameter Settings in Synthesis Report" option in "Analysis and Synthesis Settings -> More Settings" to "Off".


+------------------------------------------------------+
; Parameter Settings for User Entity Instance: CPU:CPU ;
+------------------+-------+---------------------------+
; Parameter Name   ; Value ; Type                      ;
+------------------+-------+---------------------------+
; larguradados     ; 8     ; Signed Integer            ;
; larguraenderecos ; 9     ; Signed Integer            ;
; largurainstru    ; 16    ; Signed Integer            ;
; larguraendregs   ; 3     ; Signed Integer            ;
+------------------+-------+---------------------------+
Note: In order to hide this table in the UI and the text report file, please set the "Show Parameter Settings in Synthesis Report" option in "Analysis and Synthesis Settings -> More Settings" to "Off".


+----------------------------------------------------------------------------+
; Parameter Settings for User Entity Instance: CPU:CPU|muxGenerico2x1:MUXULA ;
+----------------+-------+---------------------------------------------------+
; Parameter Name ; Value ; Type                                              ;
+----------------+-------+---------------------------------------------------+
; larguradados   ; 8     ; Signed Integer                                    ;
+----------------+-------+---------------------------------------------------+
Note: In order to hide this table in the UI and the text report file, please set the "Show Parameter Settings in Synthesis Report" option in "Analysis and Synthesis Settings -> More Settings" to "Off".


+----------------------------------------------------------------------------+
; Parameter Settings for User Entity Instance: CPU:CPU|muxGenerico4x1:MUX_PC ;
+----------------+-------+---------------------------------------------------+
; Parameter Name ; Value ; Type                                              ;
+----------------+-------+---------------------------------------------------+
; larguradados   ; 9     ; Signed Integer                                    ;
+----------------+-------+---------------------------------------------------+
Note: In order to hide this table in the UI and the text report file, please set the "Show Parameter Settings in Synthesis Report" option in "Analysis and Synthesis Settings -> More Settings" to "Off".


+---------------------------------------------------------------------------------------+
; Parameter Settings for User Entity Instance: CPU:CPU|bancoRegistradoresArqRegMem:REGs ;
+---------------------+-------+---------------------------------------------------------+
; Parameter Name      ; Value ; Type                                                    ;
+---------------------+-------+---------------------------------------------------------+
; larguradados        ; 8     ; Signed Integer                                          ;
; larguraendbancoregs ; 3     ; Signed Integer                                          ;
+---------------------+-------+---------------------------------------------------------+
Note: In order to hide this table in the UI and the text report file, please set the "Show Parameter Settings in Synthesis Report" option in "Analysis and Synthesis Settings -> More Settings" to "Off".


+---------------------------------------------------------------------------------+
; Parameter Settings for User Entity Instance: CPU:CPU|registradorGenerico:REGRet ;
+----------------+-------+--------------------------------------------------------+
; Parameter Name ; Value ; Type                                                   ;
+----------------+-------+--------------------------------------------------------+
; larguradados   ; 9     ; Signed Integer                                         ;
+----------------+-------+--------------------------------------------------------+
Note: In order to hide this table in the UI and the text report file, please set the "Show Parameter Settings in Synthesis Report" option in "Analysis and Synthesis Settings -> More Settings" to "Off".


+-----------------------------------------------------------------------------+
; Parameter Settings for User Entity Instance: CPU:CPU|registradorGenerico:PC ;
+----------------+-------+----------------------------------------------------+
; Parameter Name ; Value ; Type                                               ;
+----------------+-------+----------------------------------------------------+
; larguradados   ; 9     ; Signed Integer                                     ;
+----------------+-------+----------------------------------------------------+
Note: In order to hide this table in the UI and the text report file, please set the "Show Parameter Settings in Synthesis Report" option in "Analysis and Synthesis Settings -> More Settings" to "Off".


+---------------------------------------------------------------------------------+
; Parameter Settings for User Entity Instance: CPU:CPU|somaConstante:incrementaPC ;
+----------------+-------+--------------------------------------------------------+
; Parameter Name ; Value ; Type                                                   ;
+----------------+-------+--------------------------------------------------------+
; larguradados   ; 9     ; Signed Integer                                         ;
; constante      ; 1     ; Signed Integer                                         ;
+----------------+-------+--------------------------------------------------------+
Note: In order to hide this table in the UI and the text report file, please set the "Show Parameter Settings in Synthesis Report" option in "Analysis and Synthesis Settings -> More Settings" to "Off".


+---------------------------------------------------------------+
; Parameter Settings for User Entity Instance: CPU:CPU|ULA:ULA1 ;
+----------------+-------+--------------------------------------+
; Parameter Name ; Value ; Type                                 ;
+----------------+-------+--------------------------------------+
; larguradados   ; 8     ; Signed Integer                       ;
+----------------+-------+--------------------------------------+
Note: In order to hide this table in the UI and the text report file, please set the "Show Parameter Settings in Synthesis Report" option in "Analysis and Synthesis Settings -> More Settings" to "Off".


+-------------------------------------------------------------------------------------+
; Parameter Settings for User Entity Instance: divisorGenerico:BATIDA_SEGUNDO_ENTRADA ;
+----------------+----------+---------------------------------------------------------+
; Parameter Name ; Value    ; Type                                                    ;
+----------------+----------+---------------------------------------------------------+
; divisor        ; 25000000 ; Signed Integer                                          ;
+----------------+----------+---------------------------------------------------------+
Note: In order to hide this table in the UI and the text report file, please set the "Show Parameter Settings in Synthesis Report" option in "Analysis and Synthesis Settings -> More Settings" to "Off".


+-------------------------------------------------------------+
; Parameter Settings for User Entity Instance: memoriaRAM:RAM ;
+----------------+-------+------------------------------------+
; Parameter Name ; Value ; Type                               ;
+----------------+-------+------------------------------------+
; datawidth      ; 8     ; Signed Integer                     ;
; addrwidth      ; 6     ; Signed Integer                     ;
+----------------+-------+------------------------------------+
Note: In order to hide this table in the UI and the text report file, please set the "Show Parameter Settings in Synthesis Report" option in "Analysis and Synthesis Settings -> More Settings" to "Off".


+-------------------------------------------------------------+
; Parameter Settings for User Entity Instance: memoriaROM:ROM ;
+----------------+-------+------------------------------------+
; Parameter Name ; Value ; Type                               ;
+----------------+-------+------------------------------------+
; datawidth      ; 16    ; Signed Integer                     ;
; addrwidth      ; 9     ; Signed Integer                     ;
+----------------+-------+------------------------------------+
Note: In order to hide this table in the UI and the text report file, please set the "Show Parameter Settings in Synthesis Report" option in "Analysis and Synthesis Settings -> More Settings" to "Off".


+-------------------------------------------------------------------------+
; Parameter Settings for User Entity Instance: registradorGenerico:REGLED ;
+----------------+-------+------------------------------------------------+
; Parameter Name ; Value ; Type                                           ;
+----------------+-------+------------------------------------------------+
; larguradados   ; 8     ; Signed Integer                                 ;
+----------------+-------+------------------------------------------------+
Note: In order to hide this table in the UI and the text report file, please set the "Show Parameter Settings in Synthesis Report" option in "Analysis and Synthesis Settings -> More Settings" to "Off".


+---------------------------------------------------------------------------------------+
; Parameter Settings for User Entity Instance: reg7Seg:Display0|registradorGenerico:REG ;
+----------------+-------+--------------------------------------------------------------+
; Parameter Name ; Value ; Type                                                         ;
+----------------+-------+--------------------------------------------------------------+
; larguradados   ; 4     ; Signed Integer                                               ;
+----------------+-------+--------------------------------------------------------------+
Note: In order to hide this table in the UI and the text report file, please set the "Show Parameter Settings in Synthesis Report" option in "Analysis and Synthesis Settings -> More Settings" to "Off".


+---------------------------------------------------------------------------------------+
; Parameter Settings for User Entity Instance: reg7Seg:Display1|registradorGenerico:REG ;
+----------------+-------+--------------------------------------------------------------+
; Parameter Name ; Value ; Type                                                         ;
+----------------+-------+--------------------------------------------------------------+
; larguradados   ; 4     ; Signed Integer                                               ;
+----------------+-------+--------------------------------------------------------------+
Note: In order to hide this table in the UI and the text report file, please set the "Show Parameter Settings in Synthesis Report" option in "Analysis and Synthesis Settings -> More Settings" to "Off".


+---------------------------------------------------------------------------------------+
; Parameter Settings for User Entity Instance: reg7Seg:Display2|registradorGenerico:REG ;
+----------------+-------+--------------------------------------------------------------+
; Parameter Name ; Value ; Type                                                         ;
+----------------+-------+--------------------------------------------------------------+
; larguradados   ; 4     ; Signed Integer                                               ;
+----------------+-------+--------------------------------------------------------------+
Note: In order to hide this table in the UI and the text report file, please set the "Show Parameter Settings in Synthesis Report" option in "Analysis and Synthesis Settings -> More Settings" to "Off".


+---------------------------------------------------------------------------------------+
; Parameter Settings for User Entity Instance: reg7Seg:Display3|registradorGenerico:REG ;
+----------------+-------+--------------------------------------------------------------+
; Parameter Name ; Value ; Type                                                         ;
+----------------+-------+--------------------------------------------------------------+
; larguradados   ; 4     ; Signed Integer                                               ;
+----------------+-------+--------------------------------------------------------------+
Note: In order to hide this table in the UI and the text report file, please set the "Show Parameter Settings in Synthesis Report" option in "Analysis and Synthesis Settings -> More Settings" to "Off".


+---------------------------------------------------------------------------------------+
; Parameter Settings for User Entity Instance: reg7Seg:Display4|registradorGenerico:REG ;
+----------------+-------+--------------------------------------------------------------+
; Parameter Name ; Value ; Type                                                         ;
+----------------+-------+--------------------------------------------------------------+
; larguradados   ; 4     ; Signed Integer                                               ;
+----------------+-------+--------------------------------------------------------------+
Note: In order to hide this table in the UI and the text report file, please set the "Show Parameter Settings in Synthesis Report" option in "Analysis and Synthesis Settings -> More Settings" to "Off".


+---------------------------------------------------------------------------------------+
; Parameter Settings for User Entity Instance: reg7Seg:Display5|registradorGenerico:REG ;
+----------------+-------+--------------------------------------------------------------+
; Parameter Name ; Value ; Type                                                         ;
+----------------+-------+--------------------------------------------------------------+
; larguradados   ; 4     ; Signed Integer                                               ;
+----------------+-------+--------------------------------------------------------------+
Note: In order to hide this table in the UI and the text report file, please set the "Show Parameter Settings in Synthesis Report" option in "Analysis and Synthesis Settings -> More Settings" to "Off".


+--------------------------------------------------------------------+
; Port Connectivity Checks: "reg7Seg:Display0|conversorHex7Seg:Conv" ;
+----------+-------+----------+--------------------------------------+
; Port     ; Type  ; Severity ; Details                              ;
+----------+-------+----------+--------------------------------------+
; apaga    ; Input ; Info     ; Stuck at GND                         ;
; negativo ; Input ; Info     ; Stuck at GND                         ;
; overflow ; Input ; Info     ; Stuck at GND                         ;
+----------+-------+----------+--------------------------------------+


+----------------------------------------------------------------------+
; Port Connectivity Checks: "reg7Seg:Display0|registradorGenerico:REG" ;
+------+-------+----------+--------------------------------------------+
; Port ; Type  ; Severity ; Details                                    ;
+------+-------+----------+--------------------------------------------+
; rst  ; Input ; Info     ; Stuck at GND                               ;
+------+-------+----------+--------------------------------------------+


+--------------------------------------------------------+
; Port Connectivity Checks: "flipflop:FF_BATIDA_SEGUNDO" ;
+--------+-------+----------+----------------------------+
; Port   ; Type  ; Severity ; Details                    ;
+--------+-------+----------+----------------------------+
; din    ; Input ; Info     ; Stuck at VCC               ;
; enable ; Input ; Info     ; Stuck at VCC               ;
+--------+-------+----------+----------------------------+


+----------------------------------------------------+
; Port Connectivity Checks: "flipflop:FF_FPGA_RESET" ;
+--------+-------+----------+------------------------+
; Port   ; Type  ; Severity ; Details                ;
+--------+-------+----------+------------------------+
; din    ; Input ; Info     ; Stuck at VCC           ;
; enable ; Input ; Info     ; Stuck at VCC           ;
+--------+-------+----------+------------------------+


+----------------------------------------------+
; Port Connectivity Checks: "flipflop:FF_KEY3" ;
+--------+-------+----------+------------------+
; Port   ; Type  ; Severity ; Details          ;
+--------+-------+----------+------------------+
; din    ; Input ; Info     ; Stuck at VCC     ;
; enable ; Input ; Info     ; Stuck at VCC     ;
+--------+-------+----------+------------------+


+----------------------------------------------+
; Port Connectivity Checks: "flipflop:FF_KEY2" ;
+--------+-------+----------+------------------+
; Port   ; Type  ; Severity ; Details          ;
+--------+-------+----------+------------------+
; din    ; Input ; Info     ; Stuck at VCC     ;
; enable ; Input ; Info     ; Stuck at VCC     ;
+--------+-------+----------+------------------+


+----------------------------------------------+
; Port Connectivity Checks: "flipflop:FF_KEY1" ;
+--------+-------+----------+------------------+
; Port   ; Type  ; Severity ; Details          ;
+--------+-------+----------+------------------+
; din    ; Input ; Info     ; Stuck at VCC     ;
; enable ; Input ; Info     ; Stuck at VCC     ;
+--------+-------+----------+------------------+


+----------------------------------------------+
; Port Connectivity Checks: "flipflop:FF_KEY0" ;
+--------+-------+----------+------------------+
; Port   ; Type  ; Severity ; Details          ;
+--------+-------+----------+------------------+
; din    ; Input ; Info     ; Stuck at VCC     ;
; enable ; Input ; Info     ; Stuck at VCC     ;
+--------+-------+----------+------------------+


+------------------------------------------+
; Port Connectivity Checks: "flipflop:FF2" ;
+------+-------+----------+----------------+
; Port ; Type  ; Severity ; Details        ;
+------+-------+----------+----------------+
; rst  ; Input ; Info     ; Stuck at GND   ;
+------+-------+----------+----------------+


+------------------------------------------+
; Port Connectivity Checks: "flipflop:FF1" ;
+------+-------+----------+----------------+
; Port ; Type  ; Severity ; Details        ;
+------+-------+----------+----------------+
; rst  ; Input ; Info     ; Stuck at GND   ;
+------+-------+----------+----------------+


+--------------------------------------------------------+
; Port Connectivity Checks: "registradorGenerico:REGLED" ;
+------+-------+----------+------------------------------+
; Port ; Type  ; Severity ; Details                      ;
+------+-------+----------+------------------------------+
; rst  ; Input ; Info     ; Stuck at GND                 ;
+------+-------+----------+------------------------------+


+--------------------------------------------------------------------------------------------------------------------------+
; Port Connectivity Checks: "dataAddresser:DataAddr"                                                                       ;
+----------------+--------+----------+-------------------------------------------------------------------------------------+
; Port           ; Type   ; Severity ; Details                                                                             ;
+----------------+--------+----------+-------------------------------------------------------------------------------------+
; bloco[7..6]    ; Output ; Info     ; Connected to dangling logic. Logic that only feeds a dangling port will be removed. ;
; bloco[3..1]    ; Output ; Info     ; Connected to dangling logic. Logic that only feeds a dangling port will be removed. ;
; endereco[7..6] ; Output ; Info     ; Connected to dangling logic. Logic that only feeds a dangling port will be removed. ;
+----------------+--------+----------+-------------------------------------------------------------------------------------+


+------------------------------------------------------------+
; Port Connectivity Checks: "CPU:CPU|registradorGenerico:PC" ;
+--------+-------+----------+--------------------------------+
; Port   ; Type  ; Severity ; Details                        ;
+--------+-------+----------+--------------------------------+
; enable ; Input ; Info     ; Stuck at VCC                   ;
; rst    ; Input ; Info     ; Stuck at GND                   ;
+--------+-------+----------+--------------------------------+


+-----------------------------------------------------------+
; Port Connectivity Checks: "CPU:CPU|muxGenerico4x1:MUX_PC" ;
+--------------+-------+----------+-------------------------+
; Port         ; Type  ; Severity ; Details                 ;
+--------------+-------+----------+-------------------------+
; entradad_mux ; Input ; Info     ; Stuck at GND            ;
+--------------+-------+----------+-------------------------+


+----------------------------------------+
; Port Connectivity Checks: "CPU:CPU"    ;
+------+-------+----------+--------------+
; Port ; Type  ; Severity ; Details      ;
+------+-------+----------+--------------+
; rst  ; Input ; Info     ; Stuck at GND ;
+------+-------+----------+--------------+


+-----------------------------------------------------+
; Post-Synthesis Netlist Statistics for Top Partition ;
+-----------------------+-----------------------------+
; Type                  ; Count                       ;
+-----------------------+-----------------------------+
; arriav_ff             ; 666                         ;
;     CLR               ; 6                           ;
;     ENA               ; 553                         ;
;     ENA SLD           ; 64                          ;
;     SCLR              ; 25                          ;
;     plain             ; 18                          ;
; arriav_lcell_comb     ; 670                         ;
;     arith             ; 43                          ;
;         1 data inputs ; 34                          ;
;         3 data inputs ; 1                           ;
;         5 data inputs ; 8                           ;
;     extend            ; 35                          ;
;         7 data inputs ; 35                          ;
;     normal            ; 592                         ;
;         1 data inputs ; 5                           ;
;         2 data inputs ; 74                          ;
;         3 data inputs ; 10                          ;
;         4 data inputs ; 63                          ;
;         5 data inputs ; 59                          ;
;         6 data inputs ; 381                         ;
; boundary_port         ; 77                          ;
;                       ;                             ;
; Max LUT depth         ; 10.50                       ;
; Average LUT depth     ; 6.88                        ;
+-----------------------+-----------------------------+


+-------------------------------+
; Elapsed Time Per Partition    ;
+----------------+--------------+
; Partition Name ; Elapsed Time ;
+----------------+--------------+
; Top            ; 00:00:02     ;
+----------------+--------------+


+-------------------------------+
; Analysis & Synthesis Messages ;
+-------------------------------+
Info: *******************************************************************
Info: Running Quartus Prime Analysis & Synthesis
    Info: Version 20.1.0 Build 711 06/05/2020 SJ Lite Edition
    Info: Processing started: Fri Oct 28 11:42:08 2022
Info: Command: quartus_map --read_settings_files=on --write_settings_files=off relogio -c relogio
Warning (18236): Number of processors has not been specified which may cause overloading on shared machines.  Set the global assignment NUM_PARALLEL_PROCESSORS in your QSF to an appropriate value for best performance.
Info (20030): Parallel compilation is enabled and will use 2 of the 2 processors detected
Info (12021): Found 2 design units, including 1 entities, in source file relogio.vhd
    Info (12022): Found design unit 1: relogio-arquitetura File: C:/DesComp/Relogio/relogio.vhd Line: 25
    Info (12023): Found entity 1: relogio File: C:/DesComp/Relogio/relogio.vhd Line: 4
Info (12021): Found 2 design units, including 1 entities, in source file ula.vhd
    Info (12022): Found design unit 1: ULA-comportamento File: C:/DesComp/Relogio/ULA.vhd Line: 15
    Info (12023): Found entity 1: ULA File: C:/DesComp/Relogio/ULA.vhd Line: 5
Info (12021): Found 2 design units, including 1 entities, in source file somaconstante.vhd
    Info (12022): Found design unit 1: somaConstante-comportamento File: C:/DesComp/Relogio/somaConstante.vhd Line: 18
    Info (12023): Found entity 1: somaConstante File: C:/DesComp/Relogio/somaConstante.vhd Line: 5
Info (12021): Found 2 design units, including 1 entities, in source file registradorgenerico.vhd
    Info (12022): Found design unit 1: registradorGenerico-comportamento File: C:/DesComp/Relogio/registradorGenerico.vhd Line: 15
    Info (12023): Found entity 1: registradorGenerico File: C:/DesComp/Relogio/registradorGenerico.vhd Line: 4
Info (12021): Found 2 design units, including 1 entities, in source file reg7seg.vhd
    Info (12022): Found design unit 1: reg7Seg-comportamento File: C:/DesComp/Relogio/reg7Seg.vhd Line: 13
    Info (12023): Found entity 1: reg7Seg File: C:/DesComp/Relogio/reg7Seg.vhd Line: 4
Info (12021): Found 2 design units, including 1 entities, in source file muxgenerico4x1.vhd
    Info (12022): Found design unit 1: muxGenerico4x1-comportamento File: C:/DesComp/Relogio/muxGenerico4x1.vhd Line: 14
    Info (12023): Found entity 1: muxGenerico4x1 File: C:/DesComp/Relogio/muxGenerico4x1.vhd Line: 4
Info (12021): Found 2 design units, including 1 entities, in source file muxgenerico2x1.vhd
    Info (12022): Found design unit 1: muxGenerico2x1-comportamento File: C:/DesComp/Relogio/muxGenerico2x1.vhd Line: 14
    Info (12023): Found entity 1: muxGenerico2x1 File: C:/DesComp/Relogio/muxGenerico2x1.vhd Line: 4
Info (12021): Found 2 design units, including 1 entities, in source file memoriarom.vhd
    Info (12022): Found design unit 1: memoriaROM-assincrona File: C:/DesComp/Relogio/memoriaROM.vhd Line: 16
    Info (12023): Found entity 1: memoriaROM File: C:/DesComp/Relogio/memoriaROM.vhd Line: 5
Info (12021): Found 2 design units, including 1 entities, in source file memoriaram.vhd
    Info (12022): Found design unit 1: memoriaRAM-rtl File: C:/DesComp/Relogio/memoriaRAM.vhd Line: 21
    Info (12023): Found entity 1: memoriaRAM File: C:/DesComp/Relogio/memoriaRAM.vhd Line: 5
Info (12021): Found 2 design units, including 1 entities, in source file logicadesvio.vhd
    Info (12022): Found design unit 1: logicaDesvio-comportamento File: C:/DesComp/Relogio/logicaDesvio.vhd Line: 10
    Info (12023): Found entity 1: logicaDesvio File: C:/DesComp/Relogio/logicaDesvio.vhd Line: 4
Info (12021): Found 2 design units, including 1 entities, in source file flipflop.vhd
    Info (12022): Found design unit 1: flipflop-comportamento File: C:/DesComp/Relogio/flipflop.vhd Line: 12
    Info (12023): Found entity 1: flipflop File: C:/DesComp/Relogio/flipflop.vhd Line: 4
Info (12021): Found 3 design units, including 1 entities, in source file edgedetector.vhd
    Info (12022): Found design unit 1: edgeDetector-bordaSubida File: C:/DesComp/Relogio/edgeDetector.vhd Line: 10
    Info (12022): Found design unit 2: edgeDetector-bordaDescida File: C:/DesComp/Relogio/edgeDetector.vhd Line: 23
    Info (12023): Found entity 1: edgeDetector File: C:/DesComp/Relogio/edgeDetector.vhd Line: 4
Info (12021): Found 2 design units, including 1 entities, in source file decoderinstru.vhd
    Info (12022): Found design unit 1: decoderInstru-comportamento File: C:/DesComp/Relogio/decoderInstru.vhd Line: 10
    Info (12023): Found entity 1: decoderInstru File: C:/DesComp/Relogio/decoderInstru.vhd Line: 4
Info (12021): Found 2 design units, including 1 entities, in source file decoder3x8.vhd
    Info (12022): Found design unit 1: decoder3x8-comportamento File: C:/DesComp/Relogio/decoder3x8.vhd Line: 10
    Info (12023): Found entity 1: decoder3x8 File: C:/DesComp/Relogio/decoder3x8.vhd Line: 4
Info (12021): Found 2 design units, including 1 entities, in source file dataaddresser.vhd
    Info (12022): Found design unit 1: dataAddresser-comportamento File: C:/DesComp/Relogio/dataAddresser.vhd Line: 11
    Info (12023): Found entity 1: dataAddresser File: C:/DesComp/Relogio/dataAddresser.vhd Line: 4
Info (12021): Found 2 design units, including 1 entities, in source file cpu.vhd
    Info (12022): Found design unit 1: CPU-arquitetura File: C:/DesComp/Relogio/CPU.vhd Line: 23
    Info (12023): Found entity 1: CPU File: C:/DesComp/Relogio/CPU.vhd Line: 4
Info (12021): Found 2 design units, including 1 entities, in source file conversorhex7seg.vhd
    Info (12022): Found design unit 1: conversorHex7Seg-comportamento File: C:/DesComp/Relogio/conversorHex7Seg.vhd Line: 17
    Info (12023): Found entity 1: conversorHex7Seg File: C:/DesComp/Relogio/conversorHex7Seg.vhd Line: 4
Info (12021): Found 2 design units, including 1 entities, in source file buffer_3_state_8x8.vhd
    Info (12022): Found design unit 1: buffer_3_state_8x8-comportamento File: C:/DesComp/Relogio/buffer_3_state_8x8.vhd Line: 11
    Info (12023): Found entity 1: buffer_3_state_8x8 File: C:/DesComp/Relogio/buffer_3_state_8x8.vhd Line: 4
Info (12021): Found 2 design units, including 1 entities, in source file bancoregistradoresarqregmem.vhd
    Info (12022): Found design unit 1: bancoRegistradoresArqRegMem-comportamento File: C:/DesComp/Relogio/bancoRegistradoresArqRegMem.vhd Line: 23
    Info (12023): Found entity 1: bancoRegistradoresArqRegMem File: C:/DesComp/Relogio/bancoRegistradoresArqRegMem.vhd Line: 5
Info (12021): Found 2 design units, including 1 entities, in source file divisorgenerico.vhd
    Info (12022): Found design unit 1: divisorGenerico-divInteiro File: C:/DesComp/Relogio/divisorGenerico.vhd Line: 15
    Info (12023): Found entity 1: divisorGenerico File: C:/DesComp/Relogio/divisorGenerico.vhd Line: 5
Info (12127): Elaborating entity "relogio" for the top level hierarchy
Info (12128): Elaborating entity "CPU" for hierarchy "CPU:CPU" File: C:/DesComp/Relogio/relogio.vhd Line: 65
Info (12128): Elaborating entity "decoderInstru" for hierarchy "CPU:CPU|decoderInstru:decoder" File: C:/DesComp/Relogio/CPU.vhd Line: 40
Info (12128): Elaborating entity "muxGenerico2x1" for hierarchy "CPU:CPU|muxGenerico2x1:MUXULA" File: C:/DesComp/Relogio/CPU.vhd Line: 45
Info (12128): Elaborating entity "muxGenerico4x1" for hierarchy "CPU:CPU|muxGenerico4x1:MUX_PC" File: C:/DesComp/Relogio/CPU.vhd Line: 52
Info (12128): Elaborating entity "bancoRegistradoresArqRegMem" for hierarchy "CPU:CPU|bancoRegistradoresArqRegMem:REGs" File: C:/DesComp/Relogio/CPU.vhd Line: 61
Info (12128): Elaborating entity "flipflop" for hierarchy "CPU:CPU|flipflop:FF_Zero" File: C:/DesComp/Relogio/CPU.vhd Line: 69
Info (12128): Elaborating entity "registradorGenerico" for hierarchy "CPU:CPU|registradorGenerico:REGRet" File: C:/DesComp/Relogio/CPU.vhd Line: 76
Info (12128): Elaborating entity "logicaDesvio" for hierarchy "CPU:CPU|logicaDesvio:LogicaDesvio" File: C:/DesComp/Relogio/CPU.vhd Line: 84
Info (12128): Elaborating entity "somaConstante" for hierarchy "CPU:CPU|somaConstante:incrementaPC" File: C:/DesComp/Relogio/CPU.vhd Line: 101
Info (12128): Elaborating entity "ULA" for hierarchy "CPU:CPU|ULA:ULA1" File: C:/DesComp/Relogio/CPU.vhd Line: 107
Info (12128): Elaborating entity "divisorGenerico" for hierarchy "divisorGenerico:BATIDA_SEGUNDO_ENTRADA" File: C:/DesComp/Relogio/relogio.vhd Line: 78
Info (12128): Elaborating entity "memoriaRAM" for hierarchy "memoriaRAM:RAM" File: C:/DesComp/Relogio/relogio.vhd Line: 82
Info (12128): Elaborating entity "memoriaROM" for hierarchy "memoriaROM:ROM" File: C:/DesComp/Relogio/relogio.vhd Line: 92
Info (12128): Elaborating entity "dataAddresser" for hierarchy "dataAddresser:DataAddr" File: C:/DesComp/Relogio/relogio.vhd Line: 95
Info (12128): Elaborating entity "decoder3x8" for hierarchy "dataAddresser:DataAddr|decoder3x8:decBloco" File: C:/DesComp/Relogio/dataAddresser.vhd Line: 15
Info (12128): Elaborating entity "registradorGenerico" for hierarchy "registradorGenerico:REGLED" File: C:/DesComp/Relogio/relogio.vhd Line: 100
Info (12129): Elaborating entity "edgeDetector" using architecture "A:bordasubida" for hierarchy "edgeDetector:BORDA_KEY0" File: C:/DesComp/Relogio/relogio.vhd Line: 119
Info (12128): Elaborating entity "reg7Seg" for hierarchy "reg7Seg:Display0" File: C:/DesComp/Relogio/relogio.vhd Line: 171
Info (12128): Elaborating entity "registradorGenerico" for hierarchy "reg7Seg:Display0|registradorGenerico:REG" File: C:/DesComp/Relogio/reg7Seg.vhd Line: 17
Info (12128): Elaborating entity "conversorHex7Seg" for hierarchy "reg7Seg:Display0|conversorHex7Seg:Conv" File: C:/DesComp/Relogio/reg7Seg.vhd Line: 24
Info (12128): Elaborating entity "buffer_3_state_8x8" for hierarchy "buffer_3_state_8x8:TristateSWb" File: C:/DesComp/Relogio/relogio.vhd Line: 201
Info (276014): Found 2 instances of uninferred RAM logic
    Info (276007): RAM logic "memoriaRAM:RAM|ram" is uninferred due to asynchronous read logic File: C:/DesComp/Relogio/memoriaRAM.vhd Line: 27
    Info (276007): RAM logic "CPU:CPU|bancoRegistradoresArqRegMem:REGs|registrador" is uninferred due to asynchronous read logic File: C:/DesComp/Relogio/bancoRegistradoresArqRegMem.vhd Line: 29
Warning (13046): Tri-state node(s) do not directly drive top-level pin(s)
    Warning (13048): Converted tri-state node "DATA_RD[7]" into a selector File: C:/DesComp/Relogio/muxGenerico2x1.vhd Line: 10
    Warning (13048): Converted tri-state node "DATA_RD[6]" into a selector File: C:/DesComp/Relogio/muxGenerico2x1.vhd Line: 10
    Warning (13048): Converted tri-state node "DATA_RD[5]" into a selector File: C:/DesComp/Relogio/muxGenerico2x1.vhd Line: 10
    Warning (13048): Converted tri-state node "DATA_RD[4]" into a selector File: C:/DesComp/Relogio/muxGenerico2x1.vhd Line: 10
    Warning (13048): Converted tri-state node "DATA_RD[3]" into a selector File: C:/DesComp/Relogio/muxGenerico2x1.vhd Line: 10
    Warning (13048): Converted tri-state node "DATA_RD[2]" into a selector File: C:/DesComp/Relogio/muxGenerico2x1.vhd Line: 10
    Warning (13048): Converted tri-state node "DATA_RD[1]" into a selector File: C:/DesComp/Relogio/muxGenerico2x1.vhd Line: 10
    Warning (13048): Converted tri-state node "DATA_RD[0]" into a selector File: C:/DesComp/Relogio/muxGenerico2x1.vhd Line: 10
Info (286030): Timing-Driven Synthesis is running
Info (16010): Generating hard_block partition "hard_block:auto_generated_inst"
    Info (16011): Adding 0 node(s), including 0 DDIO, 0 PLL, 0 transceiver and 0 LCELL
Info (21057): Implemented 1370 device resources after synthesis - the final resource count might be different
    Info (21058): Implemented 16 input pins
    Info (21059): Implemented 61 output pins
    Info (21061): Implemented 1293 logic cells
Info: Quartus Prime Analysis & Synthesis was successful. 0 errors, 10 warnings
    Info: Peak virtual memory: 4843 megabytes
    Info: Processing ended: Fri Oct 28 11:42:22 2022
    Info: Elapsed time: 00:00:14
    Info: Total CPU time (on all processors): 00:00:30


